<?xml version="1.0" encoding="UTF-8"?>
<coverage generated="1679694142539" clover="3.2.0">
  <project timestamp="1679694142539" name="All files">
    <metrics statements="382" coveredstatements="367" conditionals="152" coveredconditionals="134" methods="62" coveredmethods="57" elements="596" coveredelements="558" complexity="0" loc="382" ncloc="382" packages="2" files="2" classes="2"/>
    <package name="watch-lb">
      <metrics statements="302" coveredstatements="289" conditionals="136" coveredconditionals="121" methods="40" coveredmethods="35"/>
      <file name="watchRuntime.js" path="/home/dscheirer/random/watch-lb/watchRuntime.js">
        <metrics statements="302" coveredstatements="289" conditionals="136" coveredconditionals="121" methods="40" coveredmethods="35"/>
        <line num="1" count="3" type="stmt"/>
        <line num="2" count="3" type="stmt"/>
        <line num="3" count="3" type="stmt"/>
        <line num="4" count="3" type="stmt"/>
        <line num="5" count="3" type="stmt"/>
        <line num="6" count="3" type="stmt"/>
        <line num="7" count="3" type="stmt"/>
        <line num="8" count="3" type="stmt"/>
        <line num="9" count="3" type="stmt"/>
        <line num="10" count="3" type="stmt"/>
        <line num="12" count="3" type="stmt"/>
        <line num="15" count="3" type="stmt"/>
        <line num="27" count="3" type="stmt"/>
        <line num="32" count="0" type="stmt"/>
        <line num="33" count="0" type="cond" truecount="0" falsecount="2"/>
        <line num="34" count="0" type="stmt"/>
        <line num="36" count="0" type="stmt"/>
        <line num="41" count="61" type="stmt"/>
        <line num="42" count="1" type="stmt"/>
        <line num="45" count="61" type="stmt"/>
        <line num="46" count="71" type="cond" truecount="1" falsecount="1"/>
        <line num="47" count="0" type="stmt"/>
        <line num="48" count="0" type="stmt"/>
        <line num="50" count="71" type="stmt"/>
        <line num="53" count="61" type="stmt"/>
        <line num="54" count="61" type="cond" truecount="2" falsecount="0"/>
        <line num="55" count="1" type="stmt"/>
        <line num="56" count="60" type="cond" truecount="2" falsecount="0"/>
        <line num="57" count="1" type="stmt"/>
        <line num="58" count="59" type="stmt"/>
        <line num="59" count="59" type="stmt"/>
        <line num="60" count="59" type="stmt"/>
        <line num="61" count="59" type="cond" truecount="1" falsecount="1"/>
        <line num="62" count="59" type="cond" truecount="1" falsecount="1"/>
        <line num="63" count="59" type="cond" truecount="1" falsecount="1"/>
        <line num="64" count="59" type="cond" truecount="1" falsecount="1"/>
        <line num="65" count="59" type="cond" truecount="2" falsecount="0"/>
        <line num="67" count="59" type="stmt"/>
        <line num="100" count="236" type="stmt"/>
        <line num="101" count="236" type="stmt"/>
        <line num="105" count="6" type="stmt"/>
        <line num="109" count="1" type="stmt"/>
        <line num="110" count="1" type="stmt"/>
        <line num="112" count="1" type="stmt"/>
        <line num="117" count="2" type="stmt"/>
        <line num="118" count="2" type="stmt"/>
        <line num="123" count="1" type="stmt"/>
        <line num="124" count="1" type="stmt"/>
        <line num="125" count="1" type="stmt"/>
        <line num="126" count="1" type="stmt"/>
        <line num="131" count="9" type="stmt"/>
        <line num="132" count="9" type="stmt"/>
        <line num="133" count="9" type="stmt"/>
        <line num="134" count="9" type="cond" truecount="2" falsecount="0"/>
        <line num="135" count="8" type="stmt"/>
        <line num="136" count="8" type="stmt"/>
        <line num="137" count="8" type="stmt"/>
        <line num="138" count="8" type="stmt"/>
        <line num="140" count="9" type="stmt"/>
        <line num="141" count="9" type="stmt"/>
        <line num="142" count="9" type="stmt"/>
        <line num="143" count="9" type="cond" truecount="2" falsecount="0"/>
        <line num="144" count="3" type="cond" truecount="2" falsecount="0"/>
        <line num="147" count="0" type="stmt"/>
        <line num="149" count="9" type="stmt"/>
        <line num="150" count="9" type="stmt"/>
        <line num="151" count="9" type="stmt"/>
        <line num="153" count="0" type="stmt"/>
        <line num="155" count="9" type="stmt"/>
        <line num="156" count="9" type="stmt"/>
        <line num="157" count="9" type="stmt"/>
        <line num="162" count="3" type="stmt"/>
        <line num="163" count="3" type="stmt"/>
        <line num="164" count="3" type="cond" truecount="2" falsecount="0"/>
        <line num="165" count="1" type="stmt"/>
        <line num="166" count="1" type="stmt"/>
        <line num="168" count="2" type="stmt"/>
        <line num="169" count="2" type="stmt"/>
        <line num="171" count="2" type="stmt"/>
        <line num="178" count="2" type="stmt"/>
        <line num="183" count="2" type="stmt"/>
        <line num="184" count="2" type="stmt"/>
        <line num="185" count="2" type="cond" truecount="2" falsecount="0"/>
        <line num="186" count="1" type="stmt"/>
        <line num="187" count="1" type="stmt"/>
        <line num="189" count="1" type="stmt"/>
        <line num="190" count="1" type="stmt"/>
        <line num="192" count="1" type="stmt"/>
        <line num="200" count="1" type="stmt"/>
        <line num="205" count="21" type="stmt"/>
        <line num="206" count="21" type="stmt"/>
        <line num="211" count="5" type="stmt"/>
        <line num="212" count="5" type="stmt"/>
        <line num="213" count="5" type="cond" truecount="2" falsecount="0"/>
        <line num="214" count="1" type="stmt"/>
        <line num="217" count="4" type="stmt"/>
        <line num="218" count="4" type="cond" truecount="2" falsecount="0"/>
        <line num="219" count="1" type="stmt"/>
        <line num="222" count="3" type="stmt"/>
        <line num="226" count="5" type="cond" truecount="2" falsecount="0"/>
        <line num="227" count="1" type="stmt"/>
        <line num="228" count="1" type="stmt"/>
        <line num="232" count="4" type="stmt"/>
        <line num="233" count="4" type="stmt"/>
        <line num="234" count="4" type="stmt"/>
        <line num="237" count="4" type="stmt"/>
        <line num="238" count="4" type="stmt"/>
        <line num="242" count="11" type="stmt"/>
        <line num="243" count="11" type="stmt"/>
        <line num="244" count="11" type="stmt"/>
        <line num="245" count="11" type="stmt"/>
        <line num="246" count="11" type="stmt"/>
        <line num="247" count="11" type="cond" truecount="2" falsecount="0"/>
        <line num="249" count="2" type="stmt"/>
        <line num="253" count="9" type="stmt"/>
        <line num="254" count="9" type="cond" truecount="2" falsecount="0"/>
        <line num="255" count="1" type="stmt"/>
        <line num="258" count="8" type="stmt"/>
        <line num="260" count="8" type="stmt"/>
        <line num="262" count="8" type="stmt"/>
        <line num="265" count="9" type="cond" truecount="2" falsecount="0"/>
        <line num="266" count="6" type="stmt"/>
        <line num="267" count="3" type="cond" truecount="4" falsecount="0"/>
        <line num="268" count="1" type="stmt"/>
        <line num="269" count="2" type="cond" truecount="4" falsecount="0"/>
        <line num="270" count="1" type="stmt"/>
        <line num="273" count="1" type="stmt"/>
        <line num="274" count="1" type="stmt"/>
        <line num="277" count="10" type="stmt"/>
        <line num="278" count="10" type="cond" truecount="2" falsecount="0"/>
        <line num="282" count="2" type="stmt"/>
        <line num="283" count="2" type="stmt"/>
        <line num="284" count="2" type="stmt"/>
        <line num="288" count="1" type="stmt"/>
        <line num="289" count="1" type="stmt"/>
        <line num="293" count="5" type="stmt"/>
        <line num="295" count="5" type="stmt"/>
        <line num="296" count="5" type="cond" truecount="2" falsecount="0"/>
        <line num="297" count="3" type="stmt"/>
        <line num="300" count="5" type="cond" truecount="2" falsecount="0"/>
        <line num="301" count="1" type="stmt"/>
        <line num="302" count="1" type="stmt"/>
        <line num="305" count="4" type="stmt"/>
        <line num="306" count="4" type="cond" truecount="2" falsecount="0"/>
        <line num="307" count="1" type="stmt"/>
        <line num="309" count="3" type="stmt"/>
        <line num="310" count="3" type="stmt"/>
        <line num="311" count="3" type="stmt"/>
        <line num="312" count="1013" type="stmt"/>
        <line num="314" count="3" type="stmt"/>
        <line num="318" count="2" type="stmt"/>
        <line num="319" count="2" type="stmt"/>
        <line num="320" count="2" type="cond" truecount="2" falsecount="0"/>
        <line num="321" count="1" type="stmt"/>
        <line num="323" count="1" type="stmt"/>
        <line num="327" count="2" type="stmt"/>
        <line num="328" count="2" type="cond" truecount="2" falsecount="0"/>
        <line num="329" count="1" type="stmt"/>
        <line num="330" count="1" type="stmt"/>
        <line num="331" count="1" type="stmt"/>
        <line num="333" count="1" type="stmt"/>
        <line num="336" count="1" type="stmt"/>
        <line num="337" count="1" type="stmt"/>
        <line num="341" count="3" type="stmt"/>
        <line num="342" count="3" type="cond" truecount="2" falsecount="0"/>
        <line num="343" count="1" type="stmt"/>
        <line num="346" count="2" type="stmt"/>
        <line num="347" count="2" type="cond" truecount="2" falsecount="0"/>
        <line num="348" count="1" type="stmt"/>
        <line num="350" count="1" type="stmt"/>
        <line num="354" count="7" type="stmt"/>
        <line num="355" count="7" type="stmt"/>
        <line num="356" count="7" type="stmt"/>
        <line num="360" count="105" type="stmt"/>
        <line num="361" count="105" type="cond" truecount="2" falsecount="0"/>
        <line num="363" count="1" type="stmt"/>
        <line num="365" count="105" type="stmt"/>
        <line num="369" count="46" type="cond" truecount="2" falsecount="0"/>
        <line num="370" count="6" type="stmt"/>
        <line num="373" count="40" type="stmt"/>
        <line num="374" count="40" type="stmt"/>
        <line num="375" count="40" type="cond" truecount="2" falsecount="0"/>
        <line num="381" count="46" type="stmt"/>
        <line num="383" count="46" type="stmt"/>
        <line num="384" count="46" type="stmt"/>
        <line num="385" count="46" type="stmt"/>
        <line num="386" count="46" type="stmt"/>
        <line num="387" count="46" type="cond" truecount="2" falsecount="0"/>
        <line num="388" count="40" type="stmt"/>
        <line num="389" count="40" type="cond" truecount="1" falsecount="1"/>
        <line num="391" count="46" type="stmt"/>
        <line num="392" count="92" type="cond" truecount="4" falsecount="0"/>
        <line num="393" count="46" type="stmt"/>
        <line num="403" count="185" type="cond" truecount="2" falsecount="0"/>
        <line num="406" count="37" type="stmt"/>
        <line num="415" count="31" type="stmt"/>
        <line num="416" count="31" type="stmt"/>
        <line num="419" count="59" type="stmt"/>
        <line num="420" count="55" type="stmt"/>
        <line num="421" count="55" type="cond" truecount="2" falsecount="0"/>
        <line num="422" count="1" type="cond" truecount="1" falsecount="1"/>
        <line num="423" count="1" type="stmt"/>
        <line num="425" count="1" type="stmt"/>
        <line num="426" count="54" type="cond" truecount="2" falsecount="0"/>
        <line num="427" count="11" type="cond" truecount="2" falsecount="0"/>
        <line num="428" count="4" type="stmt"/>
        <line num="430" count="7" type="cond" truecount="1" falsecount="1"/>
        <line num="431" count="7" type="stmt"/>
        <line num="433" count="7" type="stmt"/>
        <line num="437" count="47" type="stmt"/>
        <line num="439" count="47" type="cond" truecount="2" falsecount="0"/>
        <line num="440" count="1" type="stmt"/>
        <line num="441" count="1" type="stmt"/>
        <line num="446" count="46" type="stmt"/>
        <line num="447" count="46" type="stmt"/>
        <line num="449" count="46" type="cond" truecount="2" falsecount="0"/>
        <line num="450" count="6" type="stmt"/>
        <line num="451" count="6" type="stmt"/>
        <line num="453" count="6" type="stmt"/>
        <line num="457" count="40" type="cond" truecount="4" falsecount="0"/>
        <line num="458" count="2" type="stmt"/>
        <line num="459" count="2" type="cond" truecount="1" falsecount="1"/>
        <line num="460" count="2" type="stmt"/>
        <line num="462" count="2" type="cond" truecount="4" falsecount="0"/>
        <line num="463" count="1" type="stmt"/>
        <line num="464" count="1" type="stmt"/>
        <line num="467" count="2" type="stmt"/>
        <line num="471" count="38" type="stmt"/>
        <line num="474" count="38" type="stmt"/>
        <line num="484" count="38" type="stmt"/>
        <line num="485" count="38" type="stmt"/>
        <line num="486" count="173" type="cond" truecount="2" falsecount="0"/>
        <line num="487" count="33" type="stmt"/>
        <line num="488" count="33" type="stmt"/>
        <line num="492" count="38" type="cond" truecount="2" falsecount="0"/>
        <line num="493" count="33" type="stmt"/>
        <line num="495" count="33" type="cond" truecount="4" falsecount="0"/>
        <line num="497" count="2" type="stmt"/>
        <line num="498" count="2" type="stmt"/>
        <line num="502" count="31" type="stmt"/>
        <line num="504" count="31" type="stmt"/>
        <line num="507" count="31" type="cond" truecount="3" falsecount="1"/>
        <line num="508" count="31" type="stmt"/>
        <line num="510" count="31" type="stmt"/>
        <line num="511" count="31" type="stmt"/>
        <line num="513" count="31" type="stmt"/>
        <line num="516" count="0" type="stmt"/>
        <line num="518" count="31" type="stmt"/>
        <line num="522" count="5" type="cond" truecount="1" falsecount="1"/>
        <line num="523" count="5" type="stmt"/>
        <line num="527" count="0" type="stmt"/>
        <line num="533" count="61" type="stmt"/>
        <line num="534" count="61" type="stmt"/>
        <line num="535" count="61" type="stmt"/>
        <line num="536" count="61" type="cond" truecount="2" falsecount="0"/>
        <line num="538" count="55" type="stmt"/>
        <line num="539" count="55" type="stmt"/>
        <line num="541" count="6" type="stmt"/>
        <line num="542" count="6" type="stmt"/>
        <line num="544" count="6" type="stmt"/>
        <line num="545" count="72" type="cond" truecount="2" falsecount="0"/>
        <line num="550" count="61" type="stmt"/>
        <line num="554" count="6" type="cond" truecount="2" falsecount="0"/>
        <line num="555" count="6" type="cond" truecount="2" falsecount="0"/>
        <line num="556" count="6" type="cond" truecount="3" falsecount="1"/>
        <line num="559" count="61" type="stmt"/>
        <line num="560" count="61" type="stmt"/>
        <line num="563" count="61" type="cond" truecount="2" falsecount="0"/>
        <line num="564" count="55" type="cond" truecount="2" falsecount="0"/>
        <line num="566" count="61" type="cond" truecount="1" falsecount="1"/>
        <line num="567" count="0" type="stmt"/>
        <line num="569" count="61" type="stmt"/>
        <line num="570" count="61" type="stmt"/>
        <line num="575" count="0" type="stmt"/>
        <line num="580" count="2" type="stmt"/>
        <line num="581" count="2" type="stmt"/>
        <line num="582" count="2" type="stmt"/>
        <line num="589" count="59" type="stmt"/>
        <line num="591" count="59" type="stmt"/>
        <line num="593" count="59" type="stmt"/>
        <line num="595" count="59" type="stmt"/>
        <line num="597" count="59" type="stmt"/>
        <line num="599" count="59" type="stmt"/>
        <line num="601" count="59" type="stmt"/>
        <line num="603" count="59" type="stmt"/>
        <line num="605" count="59" type="stmt"/>
        <line num="606" count="59" type="stmt"/>
        <line num="608" count="59" type="stmt"/>
        <line num="610" count="59" type="stmt"/>
        <line num="611" count="59" type="stmt"/>
        <line num="612" count="59" type="stmt"/>
        <line num="613" count="59" type="stmt"/>
        <line num="614" count="59" type="stmt"/>
        <line num="616" count="59" type="stmt"/>
        <line num="617" count="59" type="stmt"/>
        <line num="619" count="59" type="stmt"/>
        <line num="620" count="0" type="stmt"/>
        <line num="636" count="59" type="stmt"/>
        <line num="637" count="59" type="stmt"/>
        <line num="638" count="1" type="stmt"/>
        <line num="639" count="1" type="stmt"/>
        <line num="643" count="3" type="stmt"/>
      </file>
    </package>
    <package name="watch-lb.__utils__">
      <metrics statements="80" coveredstatements="78" conditionals="16" coveredconditionals="13" methods="22" coveredmethods="22"/>
      <file name="testutils.js" path="/home/dscheirer/random/watch-lb/__utils__/testutils.js">
        <metrics statements="80" coveredstatements="78" conditionals="16" coveredconditionals="13" methods="22" coveredmethods="22"/>
        <line num="2" count="3" type="stmt"/>
        <line num="3" count="3" type="stmt"/>
        <line num="4" count="3" type="stmt"/>
        <line num="5" count="3" type="stmt"/>
        <line num="6" count="3" type="stmt"/>
        <line num="7" count="3" type="stmt"/>
        <line num="8" count="3" type="stmt"/>
        <line num="10" count="3" type="stmt"/>
        <line num="24" count="120" type="stmt"/>
        <line num="25" count="120" type="cond" truecount="1" falsecount="1"/>
        <line num="26" count="120" type="stmt"/>
        <line num="28" count="120" type="stmt"/>
        <line num="29" count="120" type="stmt"/>
        <line num="30" count="120" type="stmt"/>
        <line num="31" count="120" type="stmt"/>
        <line num="32" count="120" type="stmt"/>
        <line num="38" count="650" type="stmt"/>
        <line num="55" count="78" type="stmt"/>
        <line num="56" count="78" type="stmt"/>
        <line num="57" count="78" type="stmt"/>
        <line num="58" count="78" type="stmt"/>
        <line num="59" count="78" type="stmt"/>
        <line num="63" count="1" type="stmt"/>
        <line num="64" count="1" type="stmt"/>
        <line num="65" count="1" type="stmt"/>
        <line num="66" count="1" type="stmt"/>
        <line num="70" count="7" type="stmt"/>
        <line num="71" count="7" type="stmt"/>
        <line num="72" count="7" type="stmt"/>
        <line num="73" count="7" type="stmt"/>
        <line num="74" count="7" type="cond" truecount="1" falsecount="1"/>
        <line num="75" count="7" type="stmt"/>
        <line num="76" count="7" type="stmt"/>
        <line num="79" count="7" type="stmt"/>
        <line num="80" count="7" type="stmt"/>
        <line num="81" count="7" type="stmt"/>
        <line num="86" count="10" type="cond" truecount="2" falsecount="0"/>
        <line num="89" count="10" type="cond" truecount="1" falsecount="1"/>
        <line num="90" count="0" type="stmt"/>
        <line num="93" count="10" type="stmt"/>
        <line num="96" count="87" type="stmt"/>
        <line num="97" count="87" type="stmt"/>
        <line num="98" count="87" type="stmt"/>
        <line num="99" count="110" type="stmt"/>
        <line num="101" count="87" type="stmt"/>
        <line num="103" count="87" type="cond" truecount="2" falsecount="0"/>
        <line num="104" count="4" type="stmt"/>
        <line num="105" count="4" type="stmt"/>
        <line num="108" count="83" type="stmt"/>
        <line num="109" count="83" type="stmt"/>
        <line num="110" count="83" type="stmt"/>
        <line num="111" count="83" type="cond" truecount="2" falsecount="0"/>
        <line num="112" count="89" type="stmt"/>
        <line num="113" count="89" type="cond" truecount="2" falsecount="0"/>
        <line num="114" count="1" type="stmt"/>
        <line num="116" count="88" type="stmt"/>
        <line num="118" count="89" type="stmt"/>
        <line num="121" count="83" type="stmt"/>
        <line num="122" count="1" type="stmt"/>
        <line num="128" count="59" type="stmt"/>
        <line num="129" count="59" type="stmt"/>
        <line num="131" count="105" type="stmt"/>
        <line num="136" count="59" type="stmt"/>
        <line num="137" count="59" type="stmt"/>
        <line num="149" count="58" type="stmt"/>
        <line num="150" count="58" type="stmt"/>
        <line num="154" count="47" type="stmt"/>
        <line num="156" count="35" type="stmt"/>
        <line num="157" count="35" type="stmt"/>
        <line num="159" count="0" type="stmt"/>
        <line num="161" count="35" type="stmt"/>
        <line num="166" count="44" type="stmt"/>
        <line num="170" count="2" type="stmt"/>
        <line num="174" count="4" type="stmt"/>
        <line num="176" count="4" type="stmt"/>
        <line num="184" count="6" type="stmt"/>
        <line num="186" count="6" type="stmt"/>
        <line num="193" count="1" type="stmt"/>
        <line num="195" count="1" type="stmt"/>
        <line num="200" count="3" type="stmt"/>
      </file>
    </package>
  </project>
</coverage>
