{"/home/dscheirer/random/watch-lb/watchRuntime.js": {"path":"/home/dscheirer/random/watch-lb/watchRuntime.js","statementMap":{"0":{"start":{"line":1,"column":0},"end":{"line":1,"column":27}},"1":{"start":{"line":2,"column":15},"end":{"line":2,"column":42}},"2":{"start":{"line":3,"column":15},"end":{"line":3,"column":32}},"3":{"start":{"line":4,"column":12},"end":{"line":4,"column":29}},"4":{"start":{"line":5,"column":14},"end":{"line":5,"column":30}},"5":{"start":{"line":6,"column":22},"end":{"line":6,"column":37}},"6":{"start":{"line":7,"column":23},"end":{"line":7,"column":48}},"7":{"start":{"line":8,"column":11},"end":{"line":8,"column":24}},"8":{"start":{"line":9,"column":12},"end":{"line":9,"column":26}},"9":{"start":{"line":10,"column":14},"end":{"line":10,"column":30}},"10":{"start":{"line":12,"column":21},"end":{"line":12,"column":23}},"11":{"start":{"line":15,"column":25},"end":{"line":25,"column":10}},"12":{"start":{"line":27,"column":17},"end":{"line":27,"column":51}},"13":{"start":{"line":32,"column":14},"end":{"line":32,"column":21}},"14":{"start":{"line":33,"column":4},"end":{"line":35,"column":5}},"15":{"start":{"line":34,"column":6},"end":{"line":34,"column":41}},"16":{"start":{"line":36,"column":4},"end":{"line":36,"column":45}},"17":{"start":{"line":41,"column":2},"end":{"line":43,"column":4}},"18":{"start":{"line":42,"column":4},"end":{"line":42,"column":26}},"19":{"start":{"line":45,"column":2},"end":{"line":51,"column":3}},"20":{"start":{"line":46,"column":4},"end":{"line":49,"column":5}},"21":{"start":{"line":47,"column":6},"end":{"line":47,"column":40}},"22":{"start":{"line":48,"column":6},"end":{"line":48,"column":23}},"23":{"start":{"line":50,"column":4},"end":{"line":50,"column":40}},"24":{"start":{"line":53,"column":19},"end":{"line":53,"column":21}},"25":{"start":{"line":54,"column":2},"end":{"line":55,"column":47}},"26":{"start":{"line":55,"column":4},"end":{"line":55,"column":47}},"27":{"start":{"line":56,"column":2},"end":{"line":57,"column":49}},"28":{"start":{"line":57,"column":5},"end":{"line":57,"column":49}},"29":{"start":{"line":58,"column":2},"end":{"line":58,"column":47}},"30":{"start":{"line":59,"column":2},"end":{"line":59,"column":41}},"31":{"start":{"line":60,"column":2},"end":{"line":60,"column":59}},"32":{"start":{"line":61,"column":2},"end":{"line":61,"column":69}},"33":{"start":{"line":62,"column":2},"end":{"line":62,"column":84}},"34":{"start":{"line":63,"column":2},"end":{"line":63,"column":83}},"35":{"start":{"line":64,"column":2},"end":{"line":64,"column":91}},"36":{"start":{"line":65,"column":2},"end":{"line":65,"column":79}},"37":{"start":{"line":67,"column":2},"end":{"line":417,"column":5}},"38":{"start":{"line":100,"column":6},"end":{"line":100,"column":62}},"39":{"start":{"line":101,"column":6},"end":{"line":101,"column":84}},"40":{"start":{"line":105,"column":6},"end":{"line":105,"column":91}},"41":{"start":{"line":109,"column":6},"end":{"line":109,"column":23}},"42":{"start":{"line":110,"column":21},"end":{"line":110,"column":32}},"43":{"start":{"line":112,"column":6},"end":{"line":112,"column":52}},"44":{"start":{"line":117,"column":6},"end":{"line":117,"column":23}},"45":{"start":{"line":118,"column":6},"end":{"line":118,"column":22}},"46":{"start":{"line":123,"column":6},"end":{"line":123,"column":23}},"47":{"start":{"line":124,"column":6},"end":{"line":124,"column":70}},"48":{"start":{"line":125,"column":6},"end":{"line":125,"column":43}},"49":{"start":{"line":126,"column":6},"end":{"line":126,"column":22}},"50":{"start":{"line":131,"column":6},"end":{"line":131,"column":23}},"51":{"start":{"line":132,"column":23},"end":{"line":132,"column":109}},"52":{"start":{"line":133,"column":20},"end":{"line":133,"column":37}},"53":{"start":{"line":134,"column":6},"end":{"line":139,"column":7}},"54":{"start":{"line":135,"column":8},"end":{"line":135,"column":82}},"55":{"start":{"line":136,"column":8},"end":{"line":136,"column":113}},"56":{"start":{"line":137,"column":8},"end":{"line":137,"column":160}},"57":{"start":{"line":138,"column":8},"end":{"line":138,"column":68}},"58":{"start":{"line":140,"column":6},"end":{"line":140,"column":115}},"59":{"start":{"line":141,"column":6},"end":{"line":141,"column":107}},"60":{"start":{"line":142,"column":6},"end":{"line":148,"column":7}},"61":{"start":{"line":143,"column":8},"end":{"line":145,"column":8}},"62":{"start":{"line":144,"column":9},"end":{"line":144,"column":123}},"63":{"start":{"line":147,"column":8},"end":{"line":147,"column":25}},"64":{"start":{"line":149,"column":6},"end":{"line":154,"column":7}},"65":{"start":{"line":150,"column":25},"end":{"line":150,"column":66}},"66":{"start":{"line":151,"column":8},"end":{"line":151,"column":42}},"67":{"start":{"line":153,"column":7},"end":{"line":153,"column":46}},"68":{"start":{"line":155,"column":6},"end":{"line":155,"column":32}},"69":{"start":{"line":156,"column":6},"end":{"line":156,"column":23}},"70":{"start":{"line":157,"column":6},"end":{"line":157,"column":28}},"71":{"start":{"line":162,"column":6},"end":{"line":162,"column":23}},"72":{"start":{"line":163,"column":20},"end":{"line":163,"column":42}},"73":{"start":{"line":164,"column":6},"end":{"line":167,"column":7}},"74":{"start":{"line":165,"column":8},"end":{"line":165,"column":62}},"75":{"start":{"line":166,"column":8},"end":{"line":166,"column":15}},"76":{"start":{"line":168,"column":6},"end":{"line":168,"column":46}},"77":{"start":{"line":169,"column":6},"end":{"line":169,"column":22}},"78":{"start":{"line":171,"column":6},"end":{"line":177,"column":9}},"79":{"start":{"line":178,"column":6},"end":{"line":178,"column":35}},"80":{"start":{"line":183,"column":6},"end":{"line":183,"column":23}},"81":{"start":{"line":184,"column":20},"end":{"line":184,"column":42}},"82":{"start":{"line":185,"column":6},"end":{"line":188,"column":7}},"83":{"start":{"line":186,"column":8},"end":{"line":186,"column":58}},"84":{"start":{"line":187,"column":8},"end":{"line":187,"column":15}},"85":{"start":{"line":189,"column":6},"end":{"line":189,"column":90}},"86":{"start":{"line":190,"column":6},"end":{"line":190,"column":22}},"87":{"start":{"line":192,"column":6},"end":{"line":199,"column":9}},"88":{"start":{"line":200,"column":6},"end":{"line":200,"column":35}},"89":{"start":{"line":205,"column":6},"end":{"line":205,"column":23}},"90":{"start":{"line":206,"column":6},"end":{"line":206,"column":35}},"91":{"start":{"line":211,"column":6},"end":{"line":211,"column":23}},"92":{"start":{"line":212,"column":19},"end":{"line":212,"column":23}},"93":{"start":{"line":213,"column":6},"end":{"line":224,"column":7}},"94":{"start":{"line":214,"column":8},"end":{"line":214,"column":30}},"95":{"start":{"line":217,"column":20},"end":{"line":217,"column":27}},"96":{"start":{"line":218,"column":8},"end":{"line":223,"column":9}},"97":{"start":{"line":219,"column":10},"end":{"line":219,"column":38}},"98":{"start":{"line":222,"column":10},"end":{"line":222,"column":60}},"99":{"start":{"line":226,"column":6},"end":{"line":229,"column":7}},"100":{"start":{"line":227,"column":8},"end":{"line":227,"column":143}},"101":{"start":{"line":228,"column":8},"end":{"line":228,"column":15}},"102":{"start":{"line":232,"column":6},"end":{"line":232,"column":61}},"103":{"start":{"line":233,"column":6},"end":{"line":233,"column":30}},"104":{"start":{"line":234,"column":6},"end":{"line":234,"column":97}},"105":{"start":{"line":237,"column":6},"end":{"line":237,"column":55}},"106":{"start":{"line":238,"column":6},"end":{"line":238,"column":99}},"107":{"start":{"line":242,"column":6},"end":{"line":242,"column":23}},"108":{"start":{"line":243,"column":21},"end":{"line":243,"column":25}},"109":{"start":{"line":244,"column":22},"end":{"line":244,"column":26}},"110":{"start":{"line":245,"column":22},"end":{"line":245,"column":26}},"111":{"start":{"line":246,"column":18},"end":{"line":246,"column":22}},"112":{"start":{"line":247,"column":6},"end":{"line":276,"column":7}},"113":{"start":{"line":249,"column":8},"end":{"line":249,"column":18}},"114":{"start":{"line":253,"column":20},"end":{"line":253,"column":27}},"115":{"start":{"line":254,"column":8},"end":{"line":263,"column":9}},"116":{"start":{"line":255,"column":10},"end":{"line":255,"column":52}},"117":{"start":{"line":258,"column":10},"end":{"line":258,"column":46}},"118":{"start":{"line":260,"column":10},"end":{"line":260,"column":41}},"119":{"start":{"line":262,"column":10},"end":{"line":262,"column":44}},"120":{"start":{"line":265,"column":8},"end":{"line":275,"column":9}},"121":{"start":{"line":266,"column":10},"end":{"line":266,"column":62}},"122":{"start":{"line":267,"column":15},"end":{"line":275,"column":9}},"123":{"start":{"line":268,"column":10},"end":{"line":268,"column":38}},"124":{"start":{"line":269,"column":15},"end":{"line":275,"column":9}},"125":{"start":{"line":270,"column":10},"end":{"line":270,"column":38}},"126":{"start":{"line":273,"column":10},"end":{"line":273,"column":58}},"127":{"start":{"line":274,"column":10},"end":{"line":274,"column":17}},"128":{"start":{"line":277,"column":6},"end":{"line":277,"column":53}},"129":{"start":{"line":278,"column":6},"end":{"line":278,"column":77}},"130":{"start":{"line":282,"column":6},"end":{"line":282,"column":23}},"131":{"start":{"line":283,"column":6},"end":{"line":283,"column":50}},"132":{"start":{"line":284,"column":6},"end":{"line":284,"column":129}},"133":{"start":{"line":288,"column":6},"end":{"line":288,"column":23}},"134":{"start":{"line":289,"column":6},"end":{"line":289,"column":59}},"135":{"start":{"line":293,"column":6},"end":{"line":293,"column":23}},"136":{"start":{"line":295,"column":21},"end":{"line":295,"column":23}},"137":{"start":{"line":296,"column":6},"end":{"line":298,"column":7}},"138":{"start":{"line":297,"column":8},"end":{"line":297,"column":38}},"139":{"start":{"line":300,"column":6},"end":{"line":303,"column":7}},"140":{"start":{"line":301,"column":8},"end":{"line":301,"column":100}},"141":{"start":{"line":302,"column":8},"end":{"line":302,"column":15}},"142":{"start":{"line":305,"column":19},"end":{"line":305,"column":55}},"143":{"start":{"line":306,"column":6},"end":{"line":308,"column":7}},"144":{"start":{"line":307,"column":8},"end":{"line":307,"column":65}},"145":{"start":{"line":309,"column":22},"end":{"line":309,"column":52}},"146":{"start":{"line":310,"column":20},"end":{"line":310,"column":61}},"147":{"start":{"line":311,"column":6},"end":{"line":313,"column":7}},"148":{"start":{"line":312,"column":8},"end":{"line":312,"column":78}},"149":{"start":{"line":314,"column":6},"end":{"line":314,"column":39}},"150":{"start":{"line":318,"column":6},"end":{"line":318,"column":23}},"151":{"start":{"line":319,"column":19},"end":{"line":319,"column":57}},"152":{"start":{"line":320,"column":6},"end":{"line":322,"column":7}},"153":{"start":{"line":321,"column":8},"end":{"line":321,"column":51}},"154":{"start":{"line":323,"column":6},"end":{"line":323,"column":47}},"155":{"start":{"line":327,"column":6},"end":{"line":327,"column":23}},"156":{"start":{"line":328,"column":6},"end":{"line":334,"column":7}},"157":{"start":{"line":329,"column":21},"end":{"line":329,"column":59}},"158":{"start":{"line":330,"column":8},"end":{"line":332,"column":9}},"159":{"start":{"line":330,"column":21},"end":{"line":330,"column":22}},"160":{"start":{"line":330,"column":28},"end":{"line":330,"column":39}},"161":{"start":{"line":331,"column":10},"end":{"line":331,"column":41}},"162":{"start":{"line":333,"column":8},"end":{"line":333,"column":65}},"163":{"start":{"line":336,"column":6},"end":{"line":336,"column":38}},"164":{"start":{"line":337,"column":6},"end":{"line":337,"column":53}},"165":{"start":{"line":341,"column":6},"end":{"line":341,"column":23}},"166":{"start":{"line":342,"column":6},"end":{"line":344,"column":7}},"167":{"start":{"line":343,"column":8},"end":{"line":343,"column":68}},"168":{"start":{"line":346,"column":20},"end":{"line":346,"column":49}},"169":{"start":{"line":347,"column":6},"end":{"line":349,"column":7}},"170":{"start":{"line":348,"column":8},"end":{"line":348,"column":66}},"171":{"start":{"line":350,"column":6},"end":{"line":350,"column":66}},"172":{"start":{"line":354,"column":6},"end":{"line":354,"column":31}},"173":{"start":{"line":355,"column":6},"end":{"line":355,"column":27}},"174":{"start":{"line":356,"column":6},"end":{"line":356,"column":32}},"175":{"start":{"line":360,"column":6},"end":{"line":360,"column":73}},"176":{"start":{"line":361,"column":6},"end":{"line":364,"column":7}},"177":{"start":{"line":363,"column":8},"end":{"line":363,"column":53}},"178":{"start":{"line":365,"column":6},"end":{"line":365,"column":64}},"179":{"start":{"line":369,"column":6},"end":{"line":371,"column":7}},"180":{"start":{"line":370,"column":8},"end":{"line":370,"column":20}},"181":{"start":{"line":373,"column":21},"end":{"line":373,"column":36}},"182":{"start":{"line":374,"column":20},"end":{"line":374,"column":46}},"183":{"start":{"line":375,"column":6},"end":{"line":377,"column":44}},"184":{"start":{"line":381,"column":19},"end":{"line":381,"column":37}},"185":{"start":{"line":383,"column":24},"end":{"line":383,"column":57}},"186":{"start":{"line":384,"column":24},"end":{"line":384,"column":56}},"187":{"start":{"line":385,"column":22},"end":{"line":385,"column":26}},"188":{"start":{"line":386,"column":23},"end":{"line":386,"column":57}},"189":{"start":{"line":387,"column":6},"end":{"line":390,"column":7}},"190":{"start":{"line":388,"column":22},"end":{"line":388,"column":49}},"191":{"start":{"line":389,"column":8},"end":{"line":389,"column":62}},"192":{"start":{"line":391,"column":18},"end":{"line":391,"column":69}},"193":{"start":{"line":392,"column":22},"end":{"line":392,"column":89}},"194":{"start":{"line":392,"column":34},"end":{"line":392,"column":87}},"195":{"start":{"line":393,"column":6},"end":{"line":398,"column":8}},"196":{"start":{"line":403,"column":10},"end":{"line":403,"column":41}},"197":{"start":{"line":406,"column":6},"end":{"line":411,"column":32}},"198":{"start":{"line":415,"column":18},"end":{"line":415,"column":73}},"199":{"start":{"line":416,"column":6},"end":{"line":416,"column":59}},"200":{"start":{"line":419,"column":4},"end":{"line":583,"column":6}},"201":{"start":{"line":420,"column":6},"end":{"line":420,"column":57}},"202":{"start":{"line":421,"column":6},"end":{"line":435,"column":7}},"203":{"start":{"line":422,"column":8},"end":{"line":424,"column":9}},"204":{"start":{"line":423,"column":10},"end":{"line":423,"column":61}},"205":{"start":{"line":425,"column":8},"end":{"line":425,"column":15}},"206":{"start":{"line":426,"column":13},"end":{"line":435,"column":7}},"207":{"start":{"line":427,"column":8},"end":{"line":434,"column":9}},"208":{"start":{"line":428,"column":10},"end":{"line":428,"column":54}},"209":{"start":{"line":430,"column":10},"end":{"line":432,"column":11}},"210":{"start":{"line":431,"column":12},"end":{"line":431,"column":88}},"211":{"start":{"line":433,"column":10},"end":{"line":433,"column":17}},"212":{"start":{"line":437,"column":6},"end":{"line":528,"column":11}},"213":{"start":{"line":439,"column":10},"end":{"line":442,"column":11}},"214":{"start":{"line":440,"column":12},"end":{"line":440,"column":56}},"215":{"start":{"line":441,"column":12},"end":{"line":441,"column":19}},"216":{"start":{"line":446,"column":28},"end":{"line":446,"column":53}},"217":{"start":{"line":447,"column":10},"end":{"line":447,"column":61}},"218":{"start":{"line":449,"column":10},"end":{"line":454,"column":11}},"219":{"start":{"line":450,"column":32},"end":{"line":450,"column":89}},"220":{"start":{"line":451,"column":12},"end":{"line":451,"column":144}},"221":{"start":{"line":453,"column":12},"end":{"line":453,"column":56}},"222":{"start":{"line":457,"column":10},"end":{"line":468,"column":11}},"223":{"start":{"line":458,"column":12},"end":{"line":458,"column":56}},"224":{"start":{"line":459,"column":12},"end":{"line":466,"column":13}},"225":{"start":{"line":460,"column":14},"end":{"line":460,"column":106}},"226":{"start":{"line":462,"column":14},"end":{"line":465,"column":15}},"227":{"start":{"line":463,"column":16},"end":{"line":463,"column":67}},"228":{"start":{"line":464,"column":16},"end":{"line":464,"column":65}},"229":{"start":{"line":467,"column":12},"end":{"line":467,"column":19}},"230":{"start":{"line":471,"column":30},"end":{"line":471,"column":60}},"231":{"start":{"line":474,"column":10},"end":{"line":481,"column":13}},"232":{"start":{"line":484,"column":22},"end":{"line":484,"column":26}},"233":{"start":{"line":485,"column":10},"end":{"line":490,"column":11}},"234":{"start":{"line":486,"column":12},"end":{"line":489,"column":13}},"235":{"start":{"line":487,"column":14},"end":{"line":487,"column":27}},"236":{"start":{"line":488,"column":14},"end":{"line":488,"column":20}},"237":{"start":{"line":492,"column":10},"end":{"line":520,"column":11}},"238":{"start":{"line":493,"column":25},"end":{"line":493,"column":29}},"239":{"start":{"line":495,"column":12},"end":{"line":499,"column":13}},"240":{"start":{"line":497,"column":14},"end":{"line":497,"column":71}},"241":{"start":{"line":498,"column":14},"end":{"line":498,"column":21}},"242":{"start":{"line":502,"column":12},"end":{"line":502,"column":67}},"243":{"start":{"line":504,"column":24},"end":{"line":504,"column":168}},"244":{"start":{"line":507,"column":12},"end":{"line":519,"column":13}},"245":{"start":{"line":508,"column":14},"end":{"line":517,"column":19}},"246":{"start":{"line":510,"column":18},"end":{"line":510,"column":58}},"247":{"start":{"line":511,"column":18},"end":{"line":511,"column":36}},"248":{"start":{"line":513,"column":18},"end":{"line":513,"column":51}},"249":{"start":{"line":516,"column":18},"end":{"line":516,"column":37}},"250":{"start":{"line":518,"column":16},"end":{"line":518,"column":23}},"251":{"start":{"line":522,"column":10},"end":{"line":524,"column":11}},"252":{"start":{"line":523,"column":12},"end":{"line":523,"column":78}},"253":{"start":{"line":527,"column":10},"end":{"line":527,"column":27}},"254":{"start":{"line":533,"column":6},"end":{"line":533,"column":34}},"255":{"start":{"line":534,"column":6},"end":{"line":571,"column":9}},"256":{"start":{"line":535,"column":8},"end":{"line":535,"column":44}},"257":{"start":{"line":536,"column":8},"end":{"line":557,"column":8}},"258":{"start":{"line":538,"column":10},"end":{"line":538,"column":52}},"259":{"start":{"line":539,"column":10},"end":{"line":539,"column":36}},"260":{"start":{"line":541,"column":10},"end":{"line":541,"column":48}},"261":{"start":{"line":542,"column":23},"end":{"line":542,"column":38}},"262":{"start":{"line":544,"column":10},"end":{"line":552,"column":11}},"263":{"start":{"line":545,"column":12},"end":{"line":551,"column":13}},"264":{"start":{"line":550,"column":14},"end":{"line":550,"column":60}},"265":{"start":{"line":554,"column":10},"end":{"line":554,"column":140}},"266":{"start":{"line":555,"column":10},"end":{"line":555,"column":155}},"267":{"start":{"line":556,"column":10},"end":{"line":556,"column":168}},"268":{"start":{"line":559,"column":8},"end":{"line":559,"column":33}},"269":{"start":{"line":560,"column":8},"end":{"line":560,"column":40}},"270":{"start":{"line":563,"column":8},"end":{"line":565,"column":9}},"271":{"start":{"line":564,"column":10},"end":{"line":564,"column":91}},"272":{"start":{"line":566,"column":8},"end":{"line":568,"column":9}},"273":{"start":{"line":567,"column":10},"end":{"line":567,"column":65}},"274":{"start":{"line":569,"column":8},"end":{"line":569,"column":44}},"275":{"start":{"line":570,"column":8},"end":{"line":570,"column":123}},"276":{"start":{"line":575,"column":6},"end":{"line":575,"column":50}},"277":{"start":{"line":580,"column":6},"end":{"line":580,"column":51}},"278":{"start":{"line":581,"column":6},"end":{"line":581,"column":61}},"279":{"start":{"line":582,"column":6},"end":{"line":582,"column":46}},"280":{"start":{"line":589,"column":2},"end":{"line":589,"column":56}},"281":{"start":{"line":591,"column":2},"end":{"line":591,"column":54}},"282":{"start":{"line":593,"column":2},"end":{"line":593,"column":69}},"283":{"start":{"line":595,"column":2},"end":{"line":595,"column":58}},"284":{"start":{"line":597,"column":2},"end":{"line":597,"column":56}},"285":{"start":{"line":599,"column":2},"end":{"line":599,"column":59}},"286":{"start":{"line":601,"column":2},"end":{"line":601,"column":52}},"287":{"start":{"line":603,"column":2},"end":{"line":603,"column":62}},"288":{"start":{"line":605,"column":2},"end":{"line":605,"column":56}},"289":{"start":{"line":606,"column":2},"end":{"line":606,"column":60}},"290":{"start":{"line":608,"column":2},"end":{"line":608,"column":58}},"291":{"start":{"line":610,"column":2},"end":{"line":610,"column":62}},"292":{"start":{"line":611,"column":2},"end":{"line":611,"column":68}},"293":{"start":{"line":612,"column":2},"end":{"line":612,"column":63}},"294":{"start":{"line":613,"column":2},"end":{"line":613,"column":64}},"295":{"start":{"line":614,"column":2},"end":{"line":614,"column":68}},"296":{"start":{"line":616,"column":2},"end":{"line":616,"column":64}},"297":{"start":{"line":617,"column":2},"end":{"line":617,"column":68}},"298":{"start":{"line":619,"column":2},"end":{"line":634,"column":5}},"299":{"start":{"line":620,"column":4},"end":{"line":633,"column":15}},"300":{"start":{"line":636,"column":2},"end":{"line":636,"column":62}},"301":{"start":{"line":637,"column":2},"end":{"line":640,"column":4}},"302":{"start":{"line":638,"column":4},"end":{"line":638,"column":21}},"303":{"start":{"line":639,"column":4},"end":{"line":639,"column":40}},"304":{"start":{"line":643,"column":0},"end":{"line":643,"column":36}}},"fnMap":{"0":{"name":"watchRuntime","decl":{"start":{"line":29,"column":9},"end":{"line":29,"column":21}},"loc":{"start":{"line":29,"column":31},"end":{"line":641,"column":1}},"line":29},"1":{"name":"formattedLog","decl":{"start":{"line":30,"column":11},"end":{"line":30,"column":23}},"loc":{"start":{"line":30,"column":33},"end":{"line":37,"column":3}},"line":30},"2":{"name":"(anonymous_2)","decl":{"start":{"line":41,"column":18},"end":{"line":41,"column":19}},"loc":{"start":{"line":41,"column":33},"end":{"line":43,"column":3}},"line":41},"3":{"name":"(anonymous_3)","decl":{"start":{"line":45,"column":16},"end":{"line":45,"column":17}},"loc":{"start":{"line":45,"column":25},"end":{"line":51,"column":3}},"line":45},"4":{"name":"(anonymous_4)","decl":{"start":{"line":99,"column":24},"end":{"line":99,"column":25}},"loc":{"start":{"line":99,"column":40},"end":{"line":102,"column":5}},"line":99},"5":{"name":"(anonymous_5)","decl":{"start":{"line":104,"column":20},"end":{"line":104,"column":21}},"loc":{"start":{"line":104,"column":26},"end":{"line":106,"column":5}},"line":104},"6":{"name":"(anonymous_6)","decl":{"start":{"line":108,"column":23},"end":{"line":108,"column":24}},"loc":{"start":{"line":108,"column":38},"end":{"line":113,"column":5}},"line":108},"7":{"name":"(anonymous_7)","decl":{"start":{"line":116,"column":22},"end":{"line":116,"column":23}},"loc":{"start":{"line":116,"column":37},"end":{"line":119,"column":5}},"line":116},"8":{"name":"(anonymous_8)","decl":{"start":{"line":122,"column":29},"end":{"line":122,"column":30}},"loc":{"start":{"line":122,"column":44},"end":{"line":127,"column":5}},"line":122},"9":{"name":"(anonymous_9)","decl":{"start":{"line":130,"column":24},"end":{"line":130,"column":25}},"loc":{"start":{"line":130,"column":39},"end":{"line":158,"column":5}},"line":130},"10":{"name":"(anonymous_10)","decl":{"start":{"line":161,"column":21},"end":{"line":161,"column":22}},"loc":{"start":{"line":161,"column":43},"end":{"line":179,"column":5}},"line":161},"11":{"name":"(anonymous_11)","decl":{"start":{"line":182,"column":24},"end":{"line":182,"column":25}},"loc":{"start":{"line":182,"column":46},"end":{"line":201,"column":5}},"line":182},"12":{"name":"(anonymous_12)","decl":{"start":{"line":204,"column":21},"end":{"line":204,"column":22}},"loc":{"start":{"line":204,"column":36},"end":{"line":207,"column":5}},"line":204},"13":{"name":"(anonymous_13)","decl":{"start":{"line":210,"column":24},"end":{"line":210,"column":25}},"loc":{"start":{"line":210,"column":46},"end":{"line":239,"column":5}},"line":210},"14":{"name":"(anonymous_14)","decl":{"start":{"line":241,"column":23},"end":{"line":241,"column":24}},"loc":{"start":{"line":241,"column":45},"end":{"line":279,"column":5}},"line":241},"15":{"name":"(anonymous_15)","decl":{"start":{"line":281,"column":24},"end":{"line":281,"column":25}},"loc":{"start":{"line":281,"column":39},"end":{"line":285,"column":5}},"line":281},"16":{"name":"(anonymous_16)","decl":{"start":{"line":287,"column":26},"end":{"line":287,"column":27}},"loc":{"start":{"line":287,"column":41},"end":{"line":290,"column":5}},"line":287},"17":{"name":"(anonymous_17)","decl":{"start":{"line":292,"column":30},"end":{"line":292,"column":31}},"loc":{"start":{"line":292,"column":52},"end":{"line":315,"column":5}},"line":292},"18":{"name":"(anonymous_18)","decl":{"start":{"line":317,"column":28},"end":{"line":317,"column":29}},"loc":{"start":{"line":317,"column":50},"end":{"line":324,"column":5}},"line":317},"19":{"name":"(anonymous_19)","decl":{"start":{"line":326,"column":28},"end":{"line":326,"column":29}},"loc":{"start":{"line":326,"column":50},"end":{"line":338,"column":5}},"line":326},"20":{"name":"(anonymous_20)","decl":{"start":{"line":340,"column":27},"end":{"line":340,"column":28}},"loc":{"start":{"line":340,"column":49},"end":{"line":351,"column":5}},"line":340},"21":{"name":"(anonymous_21)","decl":{"start":{"line":353,"column":20},"end":{"line":353,"column":21}},"loc":{"start":{"line":353,"column":39},"end":{"line":357,"column":5}},"line":353},"22":{"name":"(anonymous_22)","decl":{"start":{"line":359,"column":23},"end":{"line":359,"column":24}},"loc":{"start":{"line":359,"column":42},"end":{"line":366,"column":5}},"line":359},"23":{"name":"(anonymous_23)","decl":{"start":{"line":368,"column":26},"end":{"line":368,"column":27}},"loc":{"start":{"line":368,"column":36},"end":{"line":378,"column":5}},"line":368},"24":{"name":"(anonymous_24)","decl":{"start":{"line":380,"column":22},"end":{"line":380,"column":23}},"loc":{"start":{"line":380,"column":32},"end":{"line":399,"column":5}},"line":380},"25":{"name":"(anonymous_25)","decl":{"start":{"line":392,"column":22},"end":{"line":392,"column":23}},"loc":{"start":{"line":392,"column":32},"end":{"line":392,"column":89}},"line":392},"26":{"name":"(anonymous_26)","decl":{"start":{"line":401,"column":23},"end":{"line":401,"column":24}},"loc":{"start":{"line":401,"column":31},"end":{"line":412,"column":5}},"line":401},"27":{"name":"pad2","decl":{"start":{"line":402,"column":17},"end":{"line":402,"column":21}},"loc":{"start":{"line":402,"column":25},"end":{"line":404,"column":7}},"line":402},"28":{"name":"(anonymous_28)","decl":{"start":{"line":414,"column":22},"end":{"line":414,"column":23}},"loc":{"start":{"line":414,"column":43},"end":{"line":417,"column":5}},"line":414},"29":{"name":"(anonymous_29)","decl":{"start":{"line":419,"column":22},"end":{"line":419,"column":23}},"loc":{"start":{"line":419,"column":41},"end":{"line":529,"column":5}},"line":419},"30":{"name":"(anonymous_30)","decl":{"start":{"line":438,"column":14},"end":{"line":438,"column":15}},"loc":{"start":{"line":438,"column":29},"end":{"line":525,"column":9}},"line":438},"31":{"name":"(anonymous_31)","decl":{"start":{"line":509,"column":22},"end":{"line":509,"column":23}},"loc":{"start":{"line":509,"column":44},"end":{"line":514,"column":17}},"line":509},"32":{"name":"(anonymous_32)","decl":{"start":{"line":515,"column":23},"end":{"line":515,"column":24}},"loc":{"start":{"line":515,"column":38},"end":{"line":517,"column":17}},"line":515},"33":{"name":"(anonymous_33)","decl":{"start":{"line":526,"column":15},"end":{"line":526,"column":16}},"loc":{"start":{"line":526,"column":22},"end":{"line":528,"column":9}},"line":526},"34":{"name":"(anonymous_34)","decl":{"start":{"line":532,"column":24},"end":{"line":532,"column":25}},"loc":{"start":{"line":532,"column":36},"end":{"line":572,"column":5}},"line":532},"35":{"name":"(anonymous_35)","decl":{"start":{"line":534,"column":53},"end":{"line":534,"column":54}},"loc":{"start":{"line":534,"column":68},"end":{"line":571,"column":7}},"line":534},"36":{"name":"(anonymous_36)","decl":{"start":{"line":574,"column":24},"end":{"line":574,"column":25}},"loc":{"start":{"line":574,"column":30},"end":{"line":576,"column":5}},"line":574},"37":{"name":"(anonymous_37)","decl":{"start":{"line":579,"column":16},"end":{"line":579,"column":17}},"loc":{"start":{"line":579,"column":22},"end":{"line":583,"column":5}},"line":579},"38":{"name":"(anonymous_38)","decl":{"start":{"line":619,"column":37},"end":{"line":619,"column":38}},"loc":{"start":{"line":619,"column":43},"end":{"line":634,"column":3}},"line":619},"39":{"name":"(anonymous_39)","decl":{"start":{"line":637,"column":33},"end":{"line":637,"column":34}},"loc":{"start":{"line":637,"column":49},"end":{"line":640,"column":3}},"line":637}},"branchMap":{"0":{"loc":{"start":{"line":33,"column":4},"end":{"line":35,"column":5}},"type":"if","locations":[{"start":{"line":33,"column":4},"end":{"line":35,"column":5}},{"start":{"line":33,"column":4},"end":{"line":35,"column":5}}],"line":33},"1":{"loc":{"start":{"line":46,"column":4},"end":{"line":49,"column":5}},"type":"if","locations":[{"start":{"line":46,"column":4},"end":{"line":49,"column":5}},{"start":{"line":46,"column":4},"end":{"line":49,"column":5}}],"line":46},"2":{"loc":{"start":{"line":54,"column":2},"end":{"line":55,"column":47}},"type":"if","locations":[{"start":{"line":54,"column":2},"end":{"line":55,"column":47}},{"start":{"line":54,"column":2},"end":{"line":55,"column":47}}],"line":54},"3":{"loc":{"start":{"line":56,"column":2},"end":{"line":57,"column":49}},"type":"if","locations":[{"start":{"line":56,"column":2},"end":{"line":57,"column":49}},{"start":{"line":56,"column":2},"end":{"line":57,"column":49}}],"line":56},"4":{"loc":{"start":{"line":61,"column":22},"end":{"line":61,"column":68}},"type":"cond-expr","locations":[{"start":{"line":61,"column":39},"end":{"line":61,"column":53}},{"start":{"line":61,"column":56},"end":{"line":61,"column":68}}],"line":61},"5":{"loc":{"start":{"line":62,"column":27},"end":{"line":62,"column":83}},"type":"cond-expr","locations":[{"start":{"line":62,"column":49},"end":{"line":62,"column":68}},{"start":{"line":62,"column":71},"end":{"line":62,"column":83}}],"line":62},"6":{"loc":{"start":{"line":63,"column":27},"end":{"line":63,"column":82}},"type":"cond-expr","locations":[{"start":{"line":63,"column":49},"end":{"line":63,"column":68}},{"start":{"line":63,"column":71},"end":{"line":63,"column":82}}],"line":63},"7":{"loc":{"start":{"line":64,"column":29},"end":{"line":64,"column":90}},"type":"cond-expr","locations":[{"start":{"line":64,"column":53},"end":{"line":64,"column":74}},{"start":{"line":64,"column":77},"end":{"line":64,"column":90}}],"line":64},"8":{"loc":{"start":{"line":65,"column":25},"end":{"line":65,"column":78}},"type":"cond-expr","locations":[{"start":{"line":65,"column":45},"end":{"line":65,"column":62}},{"start":{"line":65,"column":65},"end":{"line":65,"column":78}}],"line":65},"9":{"loc":{"start":{"line":134,"column":6},"end":{"line":139,"column":7}},"type":"if","locations":[{"start":{"line":134,"column":6},"end":{"line":139,"column":7}},{"start":{"line":134,"column":6},"end":{"line":139,"column":7}}],"line":134},"10":{"loc":{"start":{"line":143,"column":8},"end":{"line":145,"column":8}},"type":"if","locations":[{"start":{"line":143,"column":8},"end":{"line":145,"column":8}},{"start":{"line":143,"column":8},"end":{"line":145,"column":8}}],"line":143},"11":{"loc":{"start":{"line":144,"column":41},"end":{"line":144,"column":121}},"type":"cond-expr","locations":[{"start":{"line":144,"column":80},"end":{"line":144,"column":89}},{"start":{"line":144,"column":92},"end":{"line":144,"column":121}}],"line":144},"12":{"loc":{"start":{"line":164,"column":6},"end":{"line":167,"column":7}},"type":"if","locations":[{"start":{"line":164,"column":6},"end":{"line":167,"column":7}},{"start":{"line":164,"column":6},"end":{"line":167,"column":7}}],"line":164},"13":{"loc":{"start":{"line":185,"column":6},"end":{"line":188,"column":7}},"type":"if","locations":[{"start":{"line":185,"column":6},"end":{"line":188,"column":7}},{"start":{"line":185,"column":6},"end":{"line":188,"column":7}}],"line":185},"14":{"loc":{"start":{"line":213,"column":6},"end":{"line":224,"column":7}},"type":"if","locations":[{"start":{"line":213,"column":6},"end":{"line":224,"column":7}},{"start":{"line":213,"column":6},"end":{"line":224,"column":7}}],"line":213},"15":{"loc":{"start":{"line":218,"column":8},"end":{"line":223,"column":9}},"type":"if","locations":[{"start":{"line":218,"column":8},"end":{"line":223,"column":9}},{"start":{"line":218,"column":8},"end":{"line":223,"column":9}}],"line":218},"16":{"loc":{"start":{"line":226,"column":6},"end":{"line":229,"column":7}},"type":"if","locations":[{"start":{"line":226,"column":6},"end":{"line":229,"column":7}},{"start":{"line":226,"column":6},"end":{"line":229,"column":7}}],"line":226},"17":{"loc":{"start":{"line":247,"column":6},"end":{"line":276,"column":7}},"type":"if","locations":[{"start":{"line":247,"column":6},"end":{"line":276,"column":7}},{"start":{"line":247,"column":6},"end":{"line":276,"column":7}}],"line":247},"18":{"loc":{"start":{"line":254,"column":8},"end":{"line":263,"column":9}},"type":"if","locations":[{"start":{"line":254,"column":8},"end":{"line":263,"column":9}},{"start":{"line":254,"column":8},"end":{"line":263,"column":9}}],"line":254},"19":{"loc":{"start":{"line":265,"column":8},"end":{"line":275,"column":9}},"type":"if","locations":[{"start":{"line":265,"column":8},"end":{"line":275,"column":9}},{"start":{"line":265,"column":8},"end":{"line":275,"column":9}}],"line":265},"20":{"loc":{"start":{"line":267,"column":15},"end":{"line":275,"column":9}},"type":"if","locations":[{"start":{"line":267,"column":15},"end":{"line":275,"column":9}},{"start":{"line":267,"column":15},"end":{"line":275,"column":9}}],"line":267},"21":{"loc":{"start":{"line":267,"column":19},"end":{"line":267,"column":67}},"type":"binary-expr","locations":[{"start":{"line":267,"column":19},"end":{"line":267,"column":36}},{"start":{"line":267,"column":40},"end":{"line":267,"column":67}}],"line":267},"22":{"loc":{"start":{"line":269,"column":15},"end":{"line":275,"column":9}},"type":"if","locations":[{"start":{"line":269,"column":15},"end":{"line":275,"column":9}},{"start":{"line":269,"column":15},"end":{"line":275,"column":9}}],"line":269},"23":{"loc":{"start":{"line":269,"column":19},"end":{"line":269,"column":59}},"type":"binary-expr","locations":[{"start":{"line":269,"column":19},"end":{"line":269,"column":36}},{"start":{"line":269,"column":40},"end":{"line":269,"column":59}}],"line":269},"24":{"loc":{"start":{"line":278,"column":43},"end":{"line":278,"column":74}},"type":"cond-expr","locations":[{"start":{"line":278,"column":57},"end":{"line":278,"column":62}},{"start":{"line":278,"column":65},"end":{"line":278,"column":74}}],"line":278},"25":{"loc":{"start":{"line":296,"column":6},"end":{"line":298,"column":7}},"type":"if","locations":[{"start":{"line":296,"column":6},"end":{"line":298,"column":7}},{"start":{"line":296,"column":6},"end":{"line":298,"column":7}}],"line":296},"26":{"loc":{"start":{"line":300,"column":6},"end":{"line":303,"column":7}},"type":"if","locations":[{"start":{"line":300,"column":6},"end":{"line":303,"column":7}},{"start":{"line":300,"column":6},"end":{"line":303,"column":7}}],"line":300},"27":{"loc":{"start":{"line":306,"column":6},"end":{"line":308,"column":7}},"type":"if","locations":[{"start":{"line":306,"column":6},"end":{"line":308,"column":7}},{"start":{"line":306,"column":6},"end":{"line":308,"column":7}}],"line":306},"28":{"loc":{"start":{"line":320,"column":6},"end":{"line":322,"column":7}},"type":"if","locations":[{"start":{"line":320,"column":6},"end":{"line":322,"column":7}},{"start":{"line":320,"column":6},"end":{"line":322,"column":7}}],"line":320},"29":{"loc":{"start":{"line":328,"column":6},"end":{"line":334,"column":7}},"type":"if","locations":[{"start":{"line":328,"column":6},"end":{"line":334,"column":7}},{"start":{"line":328,"column":6},"end":{"line":334,"column":7}}],"line":328},"30":{"loc":{"start":{"line":342,"column":6},"end":{"line":344,"column":7}},"type":"if","locations":[{"start":{"line":342,"column":6},"end":{"line":344,"column":7}},{"start":{"line":342,"column":6},"end":{"line":344,"column":7}}],"line":342},"31":{"loc":{"start":{"line":347,"column":6},"end":{"line":349,"column":7}},"type":"if","locations":[{"start":{"line":347,"column":6},"end":{"line":349,"column":7}},{"start":{"line":347,"column":6},"end":{"line":349,"column":7}}],"line":347},"32":{"loc":{"start":{"line":361,"column":6},"end":{"line":364,"column":7}},"type":"if","locations":[{"start":{"line":361,"column":6},"end":{"line":364,"column":7}},{"start":{"line":361,"column":6},"end":{"line":364,"column":7}}],"line":361},"33":{"loc":{"start":{"line":369,"column":6},"end":{"line":371,"column":7}},"type":"if","locations":[{"start":{"line":369,"column":6},"end":{"line":371,"column":7}},{"start":{"line":369,"column":6},"end":{"line":371,"column":7}}],"line":369},"34":{"loc":{"start":{"line":375,"column":13},"end":{"line":377,"column":43}},"type":"cond-expr","locations":[{"start":{"line":376,"column":8},"end":{"line":376,"column":29}},{"start":{"line":377,"column":8},"end":{"line":377,"column":43}}],"line":375},"35":{"loc":{"start":{"line":387,"column":6},"end":{"line":390,"column":7}},"type":"if","locations":[{"start":{"line":387,"column":6},"end":{"line":390,"column":7}},{"start":{"line":387,"column":6},"end":{"line":390,"column":7}}],"line":387},"36":{"loc":{"start":{"line":389,"column":20},"end":{"line":389,"column":61}},"type":"cond-expr","locations":[{"start":{"line":389,"column":28},"end":{"line":389,"column":54}},{"start":{"line":389,"column":57},"end":{"line":389,"column":61}}],"line":389},"37":{"loc":{"start":{"line":392,"column":42},"end":{"line":392,"column":84}},"type":"cond-expr","locations":[{"start":{"line":392,"column":65},"end":{"line":392,"column":77}},{"start":{"line":392,"column":80},"end":{"line":392,"column":84}}],"line":392},"38":{"loc":{"start":{"line":392,"column":42},"end":{"line":392,"column":62}},"type":"binary-expr","locations":[{"start":{"line":392,"column":42},"end":{"line":392,"column":46}},{"start":{"line":392,"column":50},"end":{"line":392,"column":62}}],"line":392},"39":{"loc":{"start":{"line":403,"column":18},"end":{"line":403,"column":35}},"type":"cond-expr","locations":[{"start":{"line":403,"column":27},"end":{"line":403,"column":30}},{"start":{"line":403,"column":33},"end":{"line":403,"column":35}}],"line":403},"40":{"loc":{"start":{"line":421,"column":6},"end":{"line":435,"column":7}},"type":"if","locations":[{"start":{"line":421,"column":6},"end":{"line":435,"column":7}},{"start":{"line":421,"column":6},"end":{"line":435,"column":7}}],"line":421},"41":{"loc":{"start":{"line":422,"column":8},"end":{"line":424,"column":9}},"type":"if","locations":[{"start":{"line":422,"column":8},"end":{"line":424,"column":9}},{"start":{"line":422,"column":8},"end":{"line":424,"column":9}}],"line":422},"42":{"loc":{"start":{"line":426,"column":13},"end":{"line":435,"column":7}},"type":"if","locations":[{"start":{"line":426,"column":13},"end":{"line":435,"column":7}},{"start":{"line":426,"column":13},"end":{"line":435,"column":7}}],"line":426},"43":{"loc":{"start":{"line":427,"column":8},"end":{"line":434,"column":9}},"type":"if","locations":[{"start":{"line":427,"column":8},"end":{"line":434,"column":9}},{"start":{"line":427,"column":8},"end":{"line":434,"column":9}}],"line":427},"44":{"loc":{"start":{"line":430,"column":10},"end":{"line":432,"column":11}},"type":"if","locations":[{"start":{"line":430,"column":10},"end":{"line":432,"column":11}},{"start":{"line":430,"column":10},"end":{"line":432,"column":11}}],"line":430},"45":{"loc":{"start":{"line":439,"column":10},"end":{"line":442,"column":11}},"type":"if","locations":[{"start":{"line":439,"column":10},"end":{"line":442,"column":11}},{"start":{"line":439,"column":10},"end":{"line":442,"column":11}}],"line":439},"46":{"loc":{"start":{"line":449,"column":10},"end":{"line":454,"column":11}},"type":"if","locations":[{"start":{"line":449,"column":10},"end":{"line":454,"column":11}},{"start":{"line":449,"column":10},"end":{"line":454,"column":11}}],"line":449},"47":{"loc":{"start":{"line":457,"column":10},"end":{"line":468,"column":11}},"type":"if","locations":[{"start":{"line":457,"column":10},"end":{"line":468,"column":11}},{"start":{"line":457,"column":10},"end":{"line":468,"column":11}}],"line":457},"48":{"loc":{"start":{"line":457,"column":14},"end":{"line":457,"column":69}},"type":"binary-expr","locations":[{"start":{"line":457,"column":14},"end":{"line":457,"column":22}},{"start":{"line":457,"column":26},"end":{"line":457,"column":69}}],"line":457},"49":{"loc":{"start":{"line":459,"column":12},"end":{"line":466,"column":13}},"type":"if","locations":[{"start":{"line":459,"column":12},"end":{"line":466,"column":13}},{"start":{"line":459,"column":12},"end":{"line":466,"column":13}}],"line":459},"50":{"loc":{"start":{"line":462,"column":14},"end":{"line":465,"column":15}},"type":"if","locations":[{"start":{"line":462,"column":14},"end":{"line":465,"column":15}},{"start":{"line":462,"column":14},"end":{"line":465,"column":15}}],"line":462},"51":{"loc":{"start":{"line":462,"column":18},"end":{"line":462,"column":128}},"type":"binary-expr","locations":[{"start":{"line":462,"column":18},"end":{"line":462,"column":53}},{"start":{"line":462,"column":57},"end":{"line":462,"column":128}}],"line":462},"52":{"loc":{"start":{"line":486,"column":12},"end":{"line":489,"column":13}},"type":"if","locations":[{"start":{"line":486,"column":12},"end":{"line":489,"column":13}},{"start":{"line":486,"column":12},"end":{"line":489,"column":13}}],"line":486},"53":{"loc":{"start":{"line":492,"column":10},"end":{"line":520,"column":11}},"type":"if","locations":[{"start":{"line":492,"column":10},"end":{"line":520,"column":11}},{"start":{"line":492,"column":10},"end":{"line":520,"column":11}}],"line":492},"54":{"loc":{"start":{"line":495,"column":12},"end":{"line":499,"column":13}},"type":"if","locations":[{"start":{"line":495,"column":12},"end":{"line":499,"column":13}},{"start":{"line":495,"column":12},"end":{"line":499,"column":13}}],"line":495},"55":{"loc":{"start":{"line":495,"column":16},"end":{"line":495,"column":74}},"type":"binary-expr","locations":[{"start":{"line":495,"column":16},"end":{"line":495,"column":24}},{"start":{"line":495,"column":28},"end":{"line":495,"column":74}}],"line":495},"56":{"loc":{"start":{"line":507,"column":12},"end":{"line":519,"column":13}},"type":"if","locations":[{"start":{"line":507,"column":12},"end":{"line":519,"column":13}},{"start":{"line":507,"column":12},"end":{"line":519,"column":13}}],"line":507},"57":{"loc":{"start":{"line":507,"column":16},"end":{"line":507,"column":64}},"type":"binary-expr","locations":[{"start":{"line":507,"column":16},"end":{"line":507,"column":23}},{"start":{"line":507,"column":27},"end":{"line":507,"column":64}}],"line":507},"58":{"loc":{"start":{"line":522,"column":10},"end":{"line":524,"column":11}},"type":"if","locations":[{"start":{"line":522,"column":10},"end":{"line":524,"column":11}},{"start":{"line":522,"column":10},"end":{"line":524,"column":11}}],"line":522},"59":{"loc":{"start":{"line":536,"column":8},"end":{"line":557,"column":8}},"type":"if","locations":[{"start":{"line":536,"column":8},"end":{"line":557,"column":8}},{"start":{"line":536,"column":8},"end":{"line":557,"column":8}}],"line":536},"60":{"loc":{"start":{"line":545,"column":12},"end":{"line":551,"column":13}},"type":"if","locations":[{"start":{"line":545,"column":12},"end":{"line":551,"column":13}},{"start":{"line":545,"column":12},"end":{"line":551,"column":13}}],"line":545},"61":{"loc":{"start":{"line":554,"column":45},"end":{"line":554,"column":139}},"type":"cond-expr","locations":[{"start":{"line":554,"column":90},"end":{"line":554,"column":94}},{"start":{"line":554,"column":97},"end":{"line":554,"column":139}}],"line":554},"62":{"loc":{"start":{"line":555,"column":50},"end":{"line":555,"column":154}},"type":"cond-expr","locations":[{"start":{"line":555,"column":100},"end":{"line":555,"column":104}},{"start":{"line":555,"column":107},"end":{"line":555,"column":154}}],"line":555},"63":{"loc":{"start":{"line":556,"column":42},"end":{"line":556,"column":167}},"type":"cond-expr","locations":[{"start":{"line":556,"column":82},"end":{"line":556,"column":84}},{"start":{"line":556,"column":87},"end":{"line":556,"column":167}}],"line":556},"64":{"loc":{"start":{"line":556,"column":87},"end":{"line":556,"column":167}},"type":"cond-expr","locations":[{"start":{"line":556,"column":124},"end":{"line":556,"column":125}},{"start":{"line":556,"column":128},"end":{"line":556,"column":167}}],"line":556},"65":{"loc":{"start":{"line":563,"column":8},"end":{"line":565,"column":9}},"type":"if","locations":[{"start":{"line":563,"column":8},"end":{"line":565,"column":9}},{"start":{"line":563,"column":8},"end":{"line":565,"column":9}}],"line":563},"66":{"loc":{"start":{"line":564,"column":49},"end":{"line":564,"column":87}},"type":"binary-expr","locations":[{"start":{"line":564,"column":49},"end":{"line":564,"column":71}},{"start":{"line":564,"column":75},"end":{"line":564,"column":87}}],"line":564},"67":{"loc":{"start":{"line":566,"column":8},"end":{"line":568,"column":9}},"type":"if","locations":[{"start":{"line":566,"column":8},"end":{"line":568,"column":9}},{"start":{"line":566,"column":8},"end":{"line":568,"column":9}}],"line":566}},"s":{"0":3,"1":3,"2":3,"3":3,"4":3,"5":3,"6":3,"7":3,"8":3,"9":3,"10":3,"11":3,"12":3,"13":0,"14":0,"15":0,"16":0,"17":61,"18":1,"19":61,"20":71,"21":0,"22":0,"23":71,"24":61,"25":61,"26":1,"27":60,"28":1,"29":59,"30":59,"31":59,"32":59,"33":59,"34":59,"35":59,"36":59,"37":59,"38":236,"39":236,"40":6,"41":1,"42":1,"43":1,"44":2,"45":2,"46":1,"47":1,"48":1,"49":1,"50":9,"51":9,"52":9,"53":9,"54":8,"55":8,"56":8,"57":8,"58":9,"59":9,"60":9,"61":9,"62":3,"63":0,"64":9,"65":9,"66":9,"67":0,"68":9,"69":9,"70":9,"71":3,"72":3,"73":3,"74":1,"75":1,"76":2,"77":2,"78":2,"79":2,"80":2,"81":2,"82":2,"83":1,"84":1,"85":1,"86":1,"87":1,"88":1,"89":21,"90":21,"91":5,"92":5,"93":5,"94":1,"95":4,"96":4,"97":1,"98":3,"99":5,"100":1,"101":1,"102":4,"103":4,"104":4,"105":4,"106":4,"107":11,"108":11,"109":11,"110":11,"111":11,"112":11,"113":2,"114":9,"115":9,"116":1,"117":8,"118":8,"119":8,"120":9,"121":6,"122":3,"123":1,"124":2,"125":1,"126":1,"127":1,"128":10,"129":10,"130":2,"131":2,"132":2,"133":1,"134":1,"135":5,"136":5,"137":5,"138":3,"139":5,"140":1,"141":1,"142":4,"143":4,"144":1,"145":3,"146":3,"147":3,"148":1013,"149":3,"150":2,"151":2,"152":2,"153":1,"154":1,"155":2,"156":2,"157":1,"158":1,"159":1,"160":1,"161":1,"162":1,"163":1,"164":1,"165":3,"166":3,"167":1,"168":2,"169":2,"170":1,"171":1,"172":7,"173":7,"174":7,"175":105,"176":105,"177":1,"178":105,"179":46,"180":6,"181":40,"182":40,"183":40,"184":46,"185":46,"186":46,"187":46,"188":46,"189":46,"190":40,"191":40,"192":46,"193":46,"194":92,"195":46,"196":185,"197":37,"198":31,"199":31,"200":59,"201":55,"202":55,"203":1,"204":1,"205":1,"206":54,"207":11,"208":4,"209":7,"210":7,"211":7,"212":47,"213":47,"214":1,"215":1,"216":46,"217":46,"218":46,"219":6,"220":6,"221":6,"222":40,"223":2,"224":2,"225":2,"226":2,"227":1,"228":1,"229":2,"230":38,"231":38,"232":38,"233":38,"234":173,"235":33,"236":33,"237":38,"238":33,"239":33,"240":2,"241":2,"242":31,"243":31,"244":31,"245":31,"246":31,"247":31,"248":31,"249":0,"250":31,"251":5,"252":5,"253":0,"254":61,"255":61,"256":61,"257":61,"258":55,"259":55,"260":6,"261":6,"262":6,"263":72,"264":61,"265":6,"266":6,"267":6,"268":61,"269":61,"270":61,"271":55,"272":61,"273":0,"274":61,"275":61,"276":0,"277":2,"278":2,"279":2,"280":59,"281":59,"282":59,"283":59,"284":59,"285":59,"286":59,"287":59,"288":59,"289":59,"290":59,"291":59,"292":59,"293":59,"294":59,"295":59,"296":59,"297":59,"298":59,"299":0,"300":59,"301":59,"302":1,"303":1,"304":3},"f":{"0":61,"1":0,"2":1,"3":71,"4":236,"5":6,"6":1,"7":2,"8":1,"9":9,"10":3,"11":2,"12":21,"13":5,"14":11,"15":2,"16":1,"17":5,"18":2,"19":2,"20":3,"21":7,"22":105,"23":46,"24":46,"25":92,"26":37,"27":185,"28":31,"29":55,"30":47,"31":31,"32":0,"33":0,"34":61,"35":61,"36":0,"37":2,"38":0,"39":1},"b":{"0":[0,0],"1":[0,71],"2":[1,60],"3":[1,59],"4":[59,0],"5":[0,59],"6":[59,0],"7":[59,0],"8":[58,1],"9":[8,1],"10":[3,6],"11":[1,2],"12":[1,2],"13":[1,1],"14":[1,4],"15":[1,3],"16":[1,4],"17":[2,9],"18":[1,8],"19":[6,3],"20":[1,2],"21":[3,3],"22":[1,1],"23":[2,2],"24":[8,2],"25":[3,2],"26":[1,4],"27":[1,3],"28":[1,1],"29":[1,1],"30":[1,2],"31":[1,1],"32":[1,104],"33":[6,40],"34":[2,38],"35":[40,6],"36":[40,0],"37":[76,16],"38":[92,76],"39":[148,37],"40":[1,54],"41":[1,0],"42":[11,43],"43":[4,7],"44":[7,0],"45":[1,46],"46":[6,40],"47":[2,38],"48":[40,16],"49":[2,0],"50":[1,1],"51":[2,2],"52":[33,140],"53":[33,5],"54":[2,31],"55":[33,14],"56":[31,0],"57":[31,12],"58":[5,0],"59":[55,6],"60":[61,11],"61":[3,3],"62":[3,3],"63":[4,2],"64":[0,2],"65":[55,6],"66":[55,55],"67":[0,61]},"_coverageSchema":"1a1c01bbd47fc00a2c39e90264f33305004495a9","hash":"99e917ef0ff7576cd99b3f95245ae9bb160ca83b"}
,"/home/dscheirer/random/watch-lb/__utils__/testutils.js": {"path":"/home/dscheirer/random/watch-lb/__utils__/testutils.js","statementMap":{"0":{"start":{"line":2,"column":25},"end":{"line":2,"column":51}},"1":{"start":{"line":3,"column":14},"end":{"line":3,"column":35}},"2":{"start":{"line":4,"column":11},"end":{"line":4,"column":24}},"3":{"start":{"line":5,"column":18},"end":{"line":5,"column":51}},"4":{"start":{"line":6,"column":17},"end":{"line":6,"column":36}},"5":{"start":{"line":7,"column":23},"end":{"line":7,"column":48}},"6":{"start":{"line":8,"column":22},"end":{"line":8,"column":37}},"7":{"start":{"line":10,"column":16},"end":{"line":198,"column":1}},"8":{"start":{"line":24,"column":8},"end":{"line":24,"column":36}},"9":{"start":{"line":25,"column":8},"end":{"line":27,"column":9}},"10":{"start":{"line":26,"column":12},"end":{"line":26,"column":45}},"11":{"start":{"line":28,"column":8},"end":{"line":28,"column":28}},"12":{"start":{"line":29,"column":8},"end":{"line":29,"column":33}},"13":{"start":{"line":30,"column":8},"end":{"line":30,"column":37}},"14":{"start":{"line":31,"column":8},"end":{"line":31,"column":37}},"15":{"start":{"line":32,"column":8},"end":{"line":32,"column":32}},"16":{"start":{"line":38,"column":8},"end":{"line":38,"column":37}},"17":{"start":{"line":55,"column":8},"end":{"line":55,"column":35}},"18":{"start":{"line":56,"column":8},"end":{"line":56,"column":61}},"19":{"start":{"line":57,"column":8},"end":{"line":57,"column":26}},"20":{"start":{"line":58,"column":8},"end":{"line":58,"column":112}},"21":{"start":{"line":59,"column":8},"end":{"line":59,"column":31}},"22":{"start":{"line":63,"column":8},"end":{"line":63,"column":61}},"23":{"start":{"line":64,"column":8},"end":{"line":64,"column":26}},"24":{"start":{"line":65,"column":8},"end":{"line":65,"column":127}},"25":{"start":{"line":66,"column":8},"end":{"line":66,"column":31}},"26":{"start":{"line":70,"column":8},"end":{"line":70,"column":47}},"27":{"start":{"line":71,"column":8},"end":{"line":71,"column":35}},"28":{"start":{"line":72,"column":20},"end":{"line":72,"column":22}},"29":{"start":{"line":73,"column":5},"end":{"line":78,"column":9}},"30":{"start":{"line":73,"column":18},"end":{"line":73,"column":19}},"31":{"start":{"line":74,"column":6},"end":{"line":77,"column":7}},"32":{"start":{"line":75,"column":7},"end":{"line":75,"column":17}},"33":{"start":{"line":76,"column":7},"end":{"line":76,"column":13}},"34":{"start":{"line":79,"column":8},"end":{"line":79,"column":38}},"35":{"start":{"line":80,"column":8},"end":{"line":80,"column":45}},"36":{"start":{"line":81,"column":8},"end":{"line":81,"column":15}},"37":{"start":{"line":86,"column":22},"end":{"line":87,"column":46}},"38":{"start":{"line":89,"column":8},"end":{"line":91,"column":9}},"39":{"start":{"line":90,"column":12},"end":{"line":90,"column":19}},"40":{"start":{"line":93,"column":8},"end":{"line":124,"column":9}},"41":{"start":{"line":96,"column":25},"end":{"line":96,"column":27}},"42":{"start":{"line":97,"column":24},"end":{"line":97,"column":34}},"43":{"start":{"line":98,"column":12},"end":{"line":100,"column":13}},"44":{"start":{"line":98,"column":25},"end":{"line":98,"column":26}},"45":{"start":{"line":99,"column":16},"end":{"line":99,"column":129}},"46":{"start":{"line":101,"column":12},"end":{"line":101,"column":77}},"47":{"start":{"line":101,"column":36},"end":{"line":101,"column":73}},"48":{"start":{"line":103,"column":12},"end":{"line":106,"column":13}},"49":{"start":{"line":104,"column":16},"end":{"line":104,"column":38}},"50":{"start":{"line":105,"column":16},"end":{"line":105,"column":23}},"51":{"start":{"line":108,"column":12},"end":{"line":108,"column":53}},"52":{"start":{"line":109,"column":20},"end":{"line":109,"column":21}},"53":{"start":{"line":110,"column":27},"end":{"line":110,"column":29}},"54":{"start":{"line":111,"column":12},"end":{"line":119,"column":13}},"55":{"start":{"line":112,"column":16},"end":{"line":112,"column":70}},"56":{"start":{"line":113,"column":16},"end":{"line":117,"column":17}},"57":{"start":{"line":114,"column":20},"end":{"line":114,"column":51}},"58":{"start":{"line":116,"column":20},"end":{"line":116,"column":81}},"59":{"start":{"line":118,"column":16},"end":{"line":118,"column":20}},"60":{"start":{"line":121,"column":12},"end":{"line":123,"column":13}},"61":{"start":{"line":121,"column":25},"end":{"line":121,"column":44}},"62":{"start":{"line":122,"column":16},"end":{"line":122,"column":49}},"63":{"start":{"line":128,"column":8},"end":{"line":128,"column":38}},"64":{"start":{"line":129,"column":8},"end":{"line":133,"column":10}},"65":{"start":{"line":131,"column":41},"end":{"line":131,"column":103}},"66":{"start":{"line":136,"column":8},"end":{"line":136,"column":94}},"67":{"start":{"line":137,"column":8},"end":{"line":145,"column":11}},"68":{"start":{"line":149,"column":8},"end":{"line":149,"column":52}},"69":{"start":{"line":150,"column":8},"end":{"line":150,"column":48}},"70":{"start":{"line":154,"column":6},"end":{"line":162,"column":22}},"71":{"start":{"line":156,"column":8},"end":{"line":160,"column":9}},"72":{"start":{"line":157,"column":12},"end":{"line":157,"column":53}},"73":{"start":{"line":159,"column":12},"end":{"line":159,"column":51}},"74":{"start":{"line":161,"column":8},"end":{"line":161,"column":73}},"75":{"start":{"line":166,"column":8},"end":{"line":166,"column":69}},"76":{"start":{"line":170,"column":8},"end":{"line":170,"column":86}},"77":{"start":{"line":174,"column":8},"end":{"line":180,"column":11}},"78":{"start":{"line":176,"column":8},"end":{"line":179,"column":43}},"79":{"start":{"line":184,"column":4},"end":{"line":189,"column":11}},"80":{"start":{"line":186,"column":8},"end":{"line":188,"column":43}},"81":{"start":{"line":193,"column":4},"end":{"line":196,"column":11}},"82":{"start":{"line":195,"column":8},"end":{"line":195,"column":73}},"83":{"start":{"line":200,"column":0},"end":{"line":200,"column":27}}},"fnMap":{"0":{"name":"(anonymous_0)","decl":{"start":{"line":23,"column":11},"end":{"line":23,"column":12}},"loc":{"start":{"line":23,"column":17},"end":{"line":33,"column":5}},"line":23},"1":{"name":"(anonymous_1)","decl":{"start":{"line":35,"column":16},"end":{"line":35,"column":17}},"loc":{"start":{"line":35,"column":25},"end":{"line":39,"column":5}},"line":35},"2":{"name":"(anonymous_2)","decl":{"start":{"line":41,"column":16},"end":{"line":41,"column":17}},"loc":{"start":{"line":41,"column":25},"end":{"line":43,"column":5}},"line":41},"3":{"name":"(anonymous_3)","decl":{"start":{"line":45,"column":17},"end":{"line":45,"column":18}},"loc":{"start":{"line":45,"column":26},"end":{"line":47,"column":5}},"line":45},"4":{"name":"(anonymous_4)","decl":{"start":{"line":54,"column":16},"end":{"line":54,"column":17}},"loc":{"start":{"line":54,"column":31},"end":{"line":60,"column":5}},"line":54},"5":{"name":"(anonymous_5)","decl":{"start":{"line":62,"column":20},"end":{"line":62,"column":21}},"loc":{"start":{"line":62,"column":35},"end":{"line":67,"column":5}},"line":62},"6":{"name":"(anonymous_6)","decl":{"start":{"line":69,"column":16},"end":{"line":69,"column":17}},"loc":{"start":{"line":69,"column":24},"end":{"line":82,"column":5}},"line":69},"7":{"name":"(anonymous_7)","decl":{"start":{"line":84,"column":18},"end":{"line":84,"column":19}},"loc":{"start":{"line":84,"column":33},"end":{"line":125,"column":5}},"line":84},"8":{"name":"(anonymous_8)","decl":{"start":{"line":101,"column":25},"end":{"line":101,"column":26}},"loc":{"start":{"line":101,"column":34},"end":{"line":101,"column":75}},"line":101},"9":{"name":"(anonymous_9)","decl":{"start":{"line":127,"column":17},"end":{"line":127,"column":18}},"loc":{"start":{"line":127,"column":43},"end":{"line":146,"column":5}},"line":127},"10":{"name":"(anonymous_10)","decl":{"start":{"line":131,"column":16},"end":{"line":131,"column":17}},"loc":{"start":{"line":131,"column":39},"end":{"line":131,"column":105}},"line":131},"11":{"name":"(anonymous_11)","decl":{"start":{"line":148,"column":17},"end":{"line":148,"column":18}},"loc":{"start":{"line":148,"column":43},"end":{"line":151,"column":5}},"line":148},"12":{"name":"(anonymous_12)","decl":{"start":{"line":153,"column":14},"end":{"line":153,"column":15}},"loc":{"start":{"line":153,"column":36},"end":{"line":163,"column":5}},"line":153},"13":{"name":"(anonymous_13)","decl":{"start":{"line":154,"column":35},"end":{"line":154,"column":36}},"loc":{"start":{"line":154,"column":50},"end":{"line":162,"column":9}},"line":154},"14":{"name":"(anonymous_14)","decl":{"start":{"line":165,"column":18},"end":{"line":165,"column":19}},"loc":{"start":{"line":165,"column":33},"end":{"line":167,"column":5}},"line":165},"15":{"name":"(anonymous_15)","decl":{"start":{"line":169,"column":29},"end":{"line":169,"column":30}},"loc":{"start":{"line":169,"column":44},"end":{"line":171,"column":5}},"line":169},"16":{"name":"(anonymous_16)","decl":{"start":{"line":173,"column":17},"end":{"line":173,"column":18}},"loc":{"start":{"line":173,"column":23},"end":{"line":181,"column":5}},"line":173},"17":{"name":"(anonymous_17)","decl":{"start":{"line":174,"column":37},"end":{"line":174,"column":38}},"loc":{"start":{"line":174,"column":52},"end":{"line":180,"column":9}},"line":174},"18":{"name":"(anonymous_18)","decl":{"start":{"line":183,"column":18},"end":{"line":183,"column":19}},"loc":{"start":{"line":183,"column":24},"end":{"line":190,"column":5}},"line":183},"19":{"name":"(anonymous_19)","decl":{"start":{"line":184,"column":33},"end":{"line":184,"column":34}},"loc":{"start":{"line":184,"column":48},"end":{"line":189,"column":9}},"line":184},"20":{"name":"(anonymous_20)","decl":{"start":{"line":192,"column":20},"end":{"line":192,"column":21}},"loc":{"start":{"line":192,"column":26},"end":{"line":197,"column":5}},"line":192},"21":{"name":"(anonymous_21)","decl":{"start":{"line":193,"column":33},"end":{"line":193,"column":34}},"loc":{"start":{"line":193,"column":48},"end":{"line":196,"column":9}},"line":193}},"branchMap":{"0":{"loc":{"start":{"line":25,"column":8},"end":{"line":27,"column":9}},"type":"if","locations":[{"start":{"line":25,"column":8},"end":{"line":27,"column":9}},{"start":{"line":25,"column":8},"end":{"line":27,"column":9}}],"line":25},"1":{"loc":{"start":{"line":74,"column":6},"end":{"line":77,"column":7}},"type":"if","locations":[{"start":{"line":74,"column":6},"end":{"line":77,"column":7}},{"start":{"line":74,"column":6},"end":{"line":77,"column":7}}],"line":74},"2":{"loc":{"start":{"line":86,"column":22},"end":{"line":87,"column":46}},"type":"cond-expr","locations":[{"start":{"line":87,"column":24},"end":{"line":87,"column":27}},{"start":{"line":87,"column":30},"end":{"line":87,"column":46}}],"line":86},"3":{"loc":{"start":{"line":89,"column":8},"end":{"line":91,"column":9}},"type":"if","locations":[{"start":{"line":89,"column":8},"end":{"line":91,"column":9}},{"start":{"line":89,"column":8},"end":{"line":91,"column":9}}],"line":89},"4":{"loc":{"start":{"line":103,"column":12},"end":{"line":106,"column":13}},"type":"if","locations":[{"start":{"line":103,"column":12},"end":{"line":106,"column":13}},{"start":{"line":103,"column":12},"end":{"line":106,"column":13}}],"line":103},"5":{"loc":{"start":{"line":111,"column":19},"end":{"line":111,"column":84}},"type":"binary-expr","locations":[{"start":{"line":111,"column":19},"end":{"line":111,"column":36}},{"start":{"line":111,"column":40},"end":{"line":111,"column":84}}],"line":111},"6":{"loc":{"start":{"line":113,"column":16},"end":{"line":117,"column":17}},"type":"if","locations":[{"start":{"line":113,"column":16},"end":{"line":117,"column":17}},{"start":{"line":113,"column":16},"end":{"line":117,"column":17}}],"line":113},"7":{"loc":{"start":{"line":144,"column":20},"end":{"line":144,"column":66}},"type":"cond-expr","locations":[{"start":{"line":144,"column":34},"end":{"line":144,"column":43}},{"start":{"line":144,"column":46},"end":{"line":144,"column":66}}],"line":144}},"s":{"0":3,"1":3,"2":3,"3":3,"4":3,"5":3,"6":3,"7":3,"8":120,"9":120,"10":120,"11":120,"12":120,"13":120,"14":120,"15":120,"16":650,"17":78,"18":78,"19":78,"20":78,"21":78,"22":1,"23":1,"24":1,"25":1,"26":7,"27":7,"28":7,"29":7,"30":7,"31":7,"32":7,"33":7,"34":7,"35":7,"36":7,"37":10,"38":10,"39":0,"40":10,"41":87,"42":87,"43":87,"44":87,"45":110,"46":87,"47":23,"48":87,"49":4,"50":4,"51":83,"52":83,"53":83,"54":83,"55":89,"56":89,"57":1,"58":88,"59":89,"60":83,"61":83,"62":1,"63":59,"64":59,"65":105,"66":59,"67":59,"68":58,"69":58,"70":47,"71":35,"72":35,"73":0,"74":35,"75":44,"76":2,"77":4,"78":4,"79":6,"80":6,"81":1,"82":1,"83":3},"f":{"0":120,"1":650,"2":8,"3":7,"4":78,"5":1,"6":7,"7":10,"8":23,"9":59,"10":105,"11":58,"12":47,"13":35,"14":44,"15":2,"16":4,"17":4,"18":6,"19":6,"20":1,"21":1},"b":{"0":[120,0],"1":[7,0],"2":[1,9],"3":[0,10],"4":[4,83],"5":[172,104],"6":[1,88],"7":[1,58]},"_coverageSchema":"1a1c01bbd47fc00a2c39e90264f33305004495a9","hash":"0559d4eb1b2f5985fa53f526584f49e53dc4f514"}
}
