TN:
SF:watchRuntime.js
FN:29,watchRuntime
FN:30,formattedLog
FN:41,(anonymous_2)
FN:45,(anonymous_3)
FN:99,(anonymous_4)
FN:104,(anonymous_5)
FN:108,(anonymous_6)
FN:116,(anonymous_7)
FN:122,(anonymous_8)
FN:130,(anonymous_9)
FN:161,(anonymous_10)
FN:182,(anonymous_11)
FN:204,(anonymous_12)
FN:210,(anonymous_13)
FN:241,(anonymous_14)
FN:281,(anonymous_15)
FN:287,(anonymous_16)
FN:292,(anonymous_17)
FN:317,(anonymous_18)
FN:326,(anonymous_19)
FN:340,(anonymous_20)
FN:353,(anonymous_21)
FN:359,(anonymous_22)
FN:368,(anonymous_23)
FN:380,(anonymous_24)
FN:392,(anonymous_25)
FN:401,(anonymous_26)
FN:402,pad2
FN:414,(anonymous_28)
FN:419,(anonymous_29)
FN:438,(anonymous_30)
FN:509,(anonymous_31)
FN:515,(anonymous_32)
FN:526,(anonymous_33)
FN:532,(anonymous_34)
FN:534,(anonymous_35)
FN:574,(anonymous_36)
FN:579,(anonymous_37)
FN:619,(anonymous_38)
FN:637,(anonymous_39)
FNF:40
FNH:35
FNDA:61,watchRuntime
FNDA:0,formattedLog
FNDA:1,(anonymous_2)
FNDA:71,(anonymous_3)
FNDA:236,(anonymous_4)
FNDA:6,(anonymous_5)
FNDA:1,(anonymous_6)
FNDA:2,(anonymous_7)
FNDA:1,(anonymous_8)
FNDA:9,(anonymous_9)
FNDA:3,(anonymous_10)
FNDA:2,(anonymous_11)
FNDA:21,(anonymous_12)
FNDA:5,(anonymous_13)
FNDA:11,(anonymous_14)
FNDA:2,(anonymous_15)
FNDA:1,(anonymous_16)
FNDA:5,(anonymous_17)
FNDA:2,(anonymous_18)
FNDA:2,(anonymous_19)
FNDA:3,(anonymous_20)
FNDA:7,(anonymous_21)
FNDA:105,(anonymous_22)
FNDA:46,(anonymous_23)
FNDA:46,(anonymous_24)
FNDA:92,(anonymous_25)
FNDA:37,(anonymous_26)
FNDA:185,pad2
FNDA:31,(anonymous_28)
FNDA:55,(anonymous_29)
FNDA:47,(anonymous_30)
FNDA:31,(anonymous_31)
FNDA:0,(anonymous_32)
FNDA:0,(anonymous_33)
FNDA:61,(anonymous_34)
FNDA:61,(anonymous_35)
FNDA:0,(anonymous_36)
FNDA:2,(anonymous_37)
FNDA:0,(anonymous_38)
FNDA:1,(anonymous_39)
DA:1,3
DA:2,3
DA:3,3
DA:4,3
DA:5,3
DA:6,3
DA:7,3
DA:8,3
DA:9,3
DA:10,3
DA:12,3
DA:15,3
DA:27,3
DA:32,0
DA:33,0
DA:34,0
DA:36,0
DA:41,61
DA:42,1
DA:45,61
DA:46,71
DA:47,0
DA:48,0
DA:50,71
DA:53,61
DA:54,61
DA:55,1
DA:56,60
DA:57,1
DA:58,59
DA:59,59
DA:60,59
DA:61,59
DA:62,59
DA:63,59
DA:64,59
DA:65,59
DA:67,59
DA:100,236
DA:101,236
DA:105,6
DA:109,1
DA:110,1
DA:112,1
DA:117,2
DA:118,2
DA:123,1
DA:124,1
DA:125,1
DA:126,1
DA:131,9
DA:132,9
DA:133,9
DA:134,9
DA:135,8
DA:136,8
DA:137,8
DA:138,8
DA:140,9
DA:141,9
DA:142,9
DA:143,9
DA:144,3
DA:147,0
DA:149,9
DA:150,9
DA:151,9
DA:153,0
DA:155,9
DA:156,9
DA:157,9
DA:162,3
DA:163,3
DA:164,3
DA:165,1
DA:166,1
DA:168,2
DA:169,2
DA:171,2
DA:178,2
DA:183,2
DA:184,2
DA:185,2
DA:186,1
DA:187,1
DA:189,1
DA:190,1
DA:192,1
DA:200,1
DA:205,21
DA:206,21
DA:211,5
DA:212,5
DA:213,5
DA:214,1
DA:217,4
DA:218,4
DA:219,1
DA:222,3
DA:226,5
DA:227,1
DA:228,1
DA:232,4
DA:233,4
DA:234,4
DA:237,4
DA:238,4
DA:242,11
DA:243,11
DA:244,11
DA:245,11
DA:246,11
DA:247,11
DA:249,2
DA:253,9
DA:254,9
DA:255,1
DA:258,8
DA:260,8
DA:262,8
DA:265,9
DA:266,6
DA:267,3
DA:268,1
DA:269,2
DA:270,1
DA:273,1
DA:274,1
DA:277,10
DA:278,10
DA:282,2
DA:283,2
DA:284,2
DA:288,1
DA:289,1
DA:293,5
DA:295,5
DA:296,5
DA:297,3
DA:300,5
DA:301,1
DA:302,1
DA:305,4
DA:306,4
DA:307,1
DA:309,3
DA:310,3
DA:311,3
DA:312,1013
DA:314,3
DA:318,2
DA:319,2
DA:320,2
DA:321,1
DA:323,1
DA:327,2
DA:328,2
DA:329,1
DA:330,1
DA:331,1
DA:333,1
DA:336,1
DA:337,1
DA:341,3
DA:342,3
DA:343,1
DA:346,2
DA:347,2
DA:348,1
DA:350,1
DA:354,7
DA:355,7
DA:356,7
DA:360,105
DA:361,105
DA:363,1
DA:365,105
DA:369,46
DA:370,6
DA:373,40
DA:374,40
DA:375,40
DA:381,46
DA:383,46
DA:384,46
DA:385,46
DA:386,46
DA:387,46
DA:388,40
DA:389,40
DA:391,46
DA:392,92
DA:393,46
DA:403,185
DA:406,37
DA:415,31
DA:416,31
DA:419,59
DA:420,55
DA:421,55
DA:422,1
DA:423,1
DA:425,1
DA:426,54
DA:427,11
DA:428,4
DA:430,7
DA:431,7
DA:433,7
DA:437,47
DA:439,47
DA:440,1
DA:441,1
DA:446,46
DA:447,46
DA:449,46
DA:450,6
DA:451,6
DA:453,6
DA:457,40
DA:458,2
DA:459,2
DA:460,2
DA:462,2
DA:463,1
DA:464,1
DA:467,2
DA:471,38
DA:474,38
DA:484,38
DA:485,38
DA:486,173
DA:487,33
DA:488,33
DA:492,38
DA:493,33
DA:495,33
DA:497,2
DA:498,2
DA:502,31
DA:504,31
DA:507,31
DA:508,31
DA:510,31
DA:511,31
DA:513,31
DA:516,0
DA:518,31
DA:522,5
DA:523,5
DA:527,0
DA:533,61
DA:534,61
DA:535,61
DA:536,61
DA:538,55
DA:539,55
DA:541,6
DA:542,6
DA:544,6
DA:545,72
DA:550,61
DA:554,6
DA:555,6
DA:556,6
DA:559,61
DA:560,61
DA:563,61
DA:564,55
DA:566,61
DA:567,0
DA:569,61
DA:570,61
DA:575,0
DA:580,2
DA:581,2
DA:582,2
DA:589,59
DA:591,59
DA:593,59
DA:595,59
DA:597,59
DA:599,59
DA:601,59
DA:603,59
DA:605,59
DA:606,59
DA:608,59
DA:610,59
DA:611,59
DA:612,59
DA:613,59
DA:614,59
DA:616,59
DA:617,59
DA:619,59
DA:620,0
DA:636,59
DA:637,59
DA:638,1
DA:639,1
DA:643,3
LF:302
LH:289
BRDA:33,0,0,0
BRDA:33,0,1,0
BRDA:46,1,0,0
BRDA:46,1,1,71
BRDA:54,2,0,1
BRDA:54,2,1,60
BRDA:56,3,0,1
BRDA:56,3,1,59
BRDA:61,4,0,59
BRDA:61,4,1,0
BRDA:62,5,0,0
BRDA:62,5,1,59
BRDA:63,6,0,59
BRDA:63,6,1,0
BRDA:64,7,0,59
BRDA:64,7,1,0
BRDA:65,8,0,58
BRDA:65,8,1,1
BRDA:134,9,0,8
BRDA:134,9,1,1
BRDA:143,10,0,3
BRDA:143,10,1,6
BRDA:144,11,0,1
BRDA:144,11,1,2
BRDA:164,12,0,1
BRDA:164,12,1,2
BRDA:185,13,0,1
BRDA:185,13,1,1
BRDA:213,14,0,1
BRDA:213,14,1,4
BRDA:218,15,0,1
BRDA:218,15,1,3
BRDA:226,16,0,1
BRDA:226,16,1,4
BRDA:247,17,0,2
BRDA:247,17,1,9
BRDA:254,18,0,1
BRDA:254,18,1,8
BRDA:265,19,0,6
BRDA:265,19,1,3
BRDA:267,20,0,1
BRDA:267,20,1,2
BRDA:267,21,0,3
BRDA:267,21,1,3
BRDA:269,22,0,1
BRDA:269,22,1,1
BRDA:269,23,0,2
BRDA:269,23,1,2
BRDA:278,24,0,8
BRDA:278,24,1,2
BRDA:296,25,0,3
BRDA:296,25,1,2
BRDA:300,26,0,1
BRDA:300,26,1,4
BRDA:306,27,0,1
BRDA:306,27,1,3
BRDA:320,28,0,1
BRDA:320,28,1,1
BRDA:328,29,0,1
BRDA:328,29,1,1
BRDA:342,30,0,1
BRDA:342,30,1,2
BRDA:347,31,0,1
BRDA:347,31,1,1
BRDA:361,32,0,1
BRDA:361,32,1,104
BRDA:369,33,0,6
BRDA:369,33,1,40
BRDA:375,34,0,2
BRDA:375,34,1,38
BRDA:387,35,0,40
BRDA:387,35,1,6
BRDA:389,36,0,40
BRDA:389,36,1,0
BRDA:392,37,0,76
BRDA:392,37,1,16
BRDA:392,38,0,92
BRDA:392,38,1,76
BRDA:403,39,0,148
BRDA:403,39,1,37
BRDA:421,40,0,1
BRDA:421,40,1,54
BRDA:422,41,0,1
BRDA:422,41,1,0
BRDA:426,42,0,11
BRDA:426,42,1,43
BRDA:427,43,0,4
BRDA:427,43,1,7
BRDA:430,44,0,7
BRDA:430,44,1,0
BRDA:439,45,0,1
BRDA:439,45,1,46
BRDA:449,46,0,6
BRDA:449,46,1,40
BRDA:457,47,0,2
BRDA:457,47,1,38
BRDA:457,48,0,40
BRDA:457,48,1,16
BRDA:459,49,0,2
BRDA:459,49,1,0
BRDA:462,50,0,1
BRDA:462,50,1,1
BRDA:462,51,0,2
BRDA:462,51,1,2
BRDA:486,52,0,33
BRDA:486,52,1,140
BRDA:492,53,0,33
BRDA:492,53,1,5
BRDA:495,54,0,2
BRDA:495,54,1,31
BRDA:495,55,0,33
BRDA:495,55,1,14
BRDA:507,56,0,31
BRDA:507,56,1,0
BRDA:507,57,0,31
BRDA:507,57,1,12
BRDA:522,58,0,5
BRDA:522,58,1,0
BRDA:536,59,0,55
BRDA:536,59,1,6
BRDA:545,60,0,61
BRDA:545,60,1,11
BRDA:554,61,0,3
BRDA:554,61,1,3
BRDA:555,62,0,3
BRDA:555,62,1,3
BRDA:556,63,0,4
BRDA:556,63,1,2
BRDA:556,64,0,0
BRDA:556,64,1,2
BRDA:563,65,0,55
BRDA:563,65,1,6
BRDA:564,66,0,55
BRDA:564,66,1,55
BRDA:566,67,0,0
BRDA:566,67,1,61
BRF:136
BRH:121
end_of_record
TN:
SF:__utils__/testutils.js
FN:23,(anonymous_0)
FN:35,(anonymous_1)
FN:41,(anonymous_2)
FN:45,(anonymous_3)
FN:54,(anonymous_4)
FN:62,(anonymous_5)
FN:69,(anonymous_6)
FN:84,(anonymous_7)
FN:101,(anonymous_8)
FN:127,(anonymous_9)
FN:131,(anonymous_10)
FN:148,(anonymous_11)
FN:153,(anonymous_12)
FN:154,(anonymous_13)
FN:165,(anonymous_14)
FN:169,(anonymous_15)
FN:173,(anonymous_16)
FN:174,(anonymous_17)
FN:183,(anonymous_18)
FN:184,(anonymous_19)
FN:192,(anonymous_20)
FN:193,(anonymous_21)
FNF:22
FNH:22
FNDA:120,(anonymous_0)
FNDA:650,(anonymous_1)
FNDA:8,(anonymous_2)
FNDA:7,(anonymous_3)
FNDA:78,(anonymous_4)
FNDA:1,(anonymous_5)
FNDA:7,(anonymous_6)
FNDA:10,(anonymous_7)
FNDA:23,(anonymous_8)
FNDA:59,(anonymous_9)
FNDA:105,(anonymous_10)
FNDA:58,(anonymous_11)
FNDA:47,(anonymous_12)
FNDA:35,(anonymous_13)
FNDA:44,(anonymous_14)
FNDA:2,(anonymous_15)
FNDA:4,(anonymous_16)
FNDA:4,(anonymous_17)
FNDA:6,(anonymous_18)
FNDA:6,(anonymous_19)
FNDA:1,(anonymous_20)
FNDA:1,(anonymous_21)
DA:2,3
DA:3,3
DA:4,3
DA:5,3
DA:6,3
DA:7,3
DA:8,3
DA:10,3
DA:24,120
DA:25,120
DA:26,120
DA:28,120
DA:29,120
DA:30,120
DA:31,120
DA:32,120
DA:38,650
DA:55,78
DA:56,78
DA:57,78
DA:58,78
DA:59,78
DA:63,1
DA:64,1
DA:65,1
DA:66,1
DA:70,7
DA:71,7
DA:72,7
DA:73,7
DA:74,7
DA:75,7
DA:76,7
DA:79,7
DA:80,7
DA:81,7
DA:86,10
DA:89,10
DA:90,0
DA:93,10
DA:96,87
DA:97,87
DA:98,87
DA:99,110
DA:101,87
DA:103,87
DA:104,4
DA:105,4
DA:108,83
DA:109,83
DA:110,83
DA:111,83
DA:112,89
DA:113,89
DA:114,1
DA:116,88
DA:118,89
DA:121,83
DA:122,1
DA:128,59
DA:129,59
DA:131,105
DA:136,59
DA:137,59
DA:149,58
DA:150,58
DA:154,47
DA:156,35
DA:157,35
DA:159,0
DA:161,35
DA:166,44
DA:170,2
DA:174,4
DA:176,4
DA:184,6
DA:186,6
DA:193,1
DA:195,1
DA:200,3
LF:80
LH:78
BRDA:25,0,0,120
BRDA:25,0,1,0
BRDA:74,1,0,7
BRDA:74,1,1,0
BRDA:86,2,0,1
BRDA:86,2,1,9
BRDA:89,3,0,0
BRDA:89,3,1,10
BRDA:103,4,0,4
BRDA:103,4,1,83
BRDA:111,5,0,172
BRDA:111,5,1,104
BRDA:113,6,0,1
BRDA:113,6,1,88
BRDA:144,7,0,1
BRDA:144,7,1,58
BRF:16
BRH:13
end_of_record
